2026-02-05 11:56:18.952 | DEBUG    | shared_modules.config:__init__:69 - Lade Konfiguration von /home/stephan/projects/wegpiraten/.config/wegpiraten_config.yaml
2026-02-05 11:56:18.952 | DEBUG    | shared_modules.config:_parse_section:109 - Parsiere Abschnitt 'structure': {'prj_root': '/home/stephan/projects/wegpiraten', 'shared_data_path': 'data', 'output_path': 'output', 'template_path': 'templates', 'tmp_path': '.tmp', 'log_path': '.logs', 'local_data_path': 'data', 'graphics': 'graphics'}
2026-02-05 11:56:18.952 | DEBUG    | shared_modules.config:_parse_section:109 - Parsiere Abschnitt 'database': {'sqlite_db_name': 'wegpiraten.sqlite3', 'db_name': 'wegpiraten_datenbank.xlsx', 'db_encrypted': True}
2026-02-05 11:56:18.953 | DEBUG    | shared_modules.config:_parse_section:109 - Parsiere Abschnitt 'formatting': {'locale': 'de_CH', 'currency': 'CHF', 'currency_format': '#,##0.00 ¤', 'date_format': 'dd.MM.yyyy', 'numeric_format': '#,##0.00'}
2026-02-05 11:56:18.953 | DEBUG    | shared_modules.config:_parse_section:109 - Parsiere Abschnitt 'service_provider': {'name': 'Wegpiraten GmbH', 'street': 'Alpenstrasse 2', 'zip_code': '3800', 'city': 'Interlaken', 'phone': '+41 (0)76 790 67 56', 'email': 'info@wegpiraten.ch', 'website': 'www.wegpiraten.ch', 'uid': 'CHE-123.456.789 MWST', 'bank': 'Bank EKI Genossenschaft', 'iban': 'CH07 0839 3053 8385 3915 1'}
2026-02-05 11:56:18.953 | DEBUG    | shared_modules.config:_parse_section:109 - Parsiere Abschnitt 'templates': {'invoice_template_name': 'rechnungsvorlage.docx', 'sheet_name': 'Pivot Rechnungsdaten', 'time_sheet_header_cells': {'employee_name': 'C5', 'emp_id': 'G5', 'reporting_month': 'C6', 'allowed_hours_per_month': 'C7', 'service_type': 'G7', 'short_code': 'C8', 'client_id': 'G8'}, 'time_sheet_data_start_cell': 'A10', 'time_sheet_data_end_cell': 'H28', 'time_sheet_row_mapping': {'service_time': 'A', 'service_date': 'B', 'travel_time': 'C', 'travel_distance': 'D', 'direct_time': 'E', 'indirect_time': 'F', 'billable_hours': 'G', 'notes': 'H'}, 'time_sheet_template': 'time_sheet_template.xlsx', 'client_sheet_name': 'MD_Klienten'}
2026-02-05 11:56:18.953 | DEBUG    | shared_modules.config:_parse_entities:118 - Parsiere Entity-Modell 'employee': {'fields': [{'name': 'emp_id', 'type': 'str', 'primary_key': True, 'excel_column': 'PersNr'}, {'name': 'first_name', 'type': 'str', 'excel_column': 'Vorname'}, {'name': 'last_name', 'type': 'str', 'excel_column': 'Nachname'}, {'name': 'fte', 'type': 'float', 'excel_column': 'FTE', 'format': '${numeric_format}'}, {'name': 'notes', 'type': 'str', 'excel_column': 'Kommentar', 'optional': True}]}
2026-02-05 11:56:18.953 | DEBUG    | shared_modules.config:_parse_entities:118 - Parsiere Entity-Modell 'client': {'fields': [{'name': 'client_id', 'type': 'str', 'primary_key': True, 'excel_column': 'KlientNr'}, {'name': 'social_security_number', 'type': 'str', 'excel_column': 'SozVersNr'}, {'name': 'first_name', 'type': 'str', 'excel_column': 'Vorname'}, {'name': 'last_name', 'type': 'str', 'excel_column': 'Nachname'}, {'name': 'short_code', 'type': 'str', 'excel_column': 'Kürzel'}, {'name': 'payer_id', 'type': 'str', 'excel_column': 'ZdNr'}, {'name': 'service_requester_id', 'type': 'str', 'excel_column': 'LbNr'}, {'name': 'start_date', 'type': 'str', 'excel_column': 'Beginn', 'format': '${date_format}'}, {'name': 'end_date', 'type': 'str', 'excel_column': 'Ende', 'format': '${date_format}', 'optional': True}, {'name': 'employee_id', 'type': 'str', 'excel_column': 'MA_ID'}, {'name': 'allowed_hours_per_month', 'type': 'float', 'optional': True, 'excel_column': 'Stunden pro Monat', 'format': '${numeric_format}', 'sum': True}, {'name': 'service_type', 'type': 'str', 'excel_column': 'SPF / BBT'}, {'name': 'notes', 'type': 'str', 'excel_column': 'Kommentar', 'optional': True}]}
2026-02-05 11:56:18.953 | DEBUG    | shared_modules.config:_parse_entities:118 - Parsiere Entity-Modell 'payer': {'fields': [{'name': 'payer_id', 'type': 'str', 'primary_key': True, 'excel_column': 'ZdNr'}, {'name': 'name', 'type': 'str', 'excel_column': 'ZD_Name'}, {'name': 'name2', 'type': 'str', 'optional': True, 'excel_column': 'ZD_Name2'}, {'name': 'street', 'type': 'str', 'excel_column': 'ZD_Strasse'}, {'name': 'zip_code', 'type': 'str', 'excel_column': 'ZD_PLZ'}, {'name': 'city', 'type': 'str', 'excel_column': 'ZD_Ort'}, {'name': 'notes', 'type': 'str', 'excel_column': 'Kommentar', 'optional': True}]}
2026-02-05 11:56:18.953 | DEBUG    | shared_modules.config:_parse_entities:118 - Parsiere Entity-Modell 'service_requester': {'fields': [{'name': 'service_requester_id', 'type': 'str', 'primary_key': True, 'excel_column': 'LBNr'}, {'name': 'name', 'type': 'str', 'excel_column': 'Leistungsbesteller'}]}
2026-02-05 11:56:18.953 | DEBUG    | shared_modules.config:_parse_entities:118 - Parsiere Entity-Modell 'invoice_data': {'fields': [{'name': 'invoice_number', 'type': 'str', 'primary_key': True, 'excel_column': 'Rechnungs-Nr'}, {'name': 'client_id', 'type': 'str', 'excel_column': 'Klient-Nr.'}, {'name': 'service_time', 'type': 'str', 'excel_column': 'Uhrzeit', 'format': '${date_format} - ${date_format}'}, {'name': 'service_date', 'type': 'str', 'excel_column': 'Leistungsdatum', 'format': '${date_format}', 'is_position': True}, {'name': 'service_type', 'type': 'str', 'excel_column': 'Betreuungstyp'}, {'name': 'travel_time', 'type': 'float', 'excel_column': 'Fahrtzeit', 'format': '${numeric_format}', 'decimals': 2, 'is_position': True, 'sum': True}, {'name': 'direct_time', 'type': 'float', 'excel_column': 'Direkt', 'format': '${numeric_format}', 'decimals': 2, 'is_position': True, 'sum': True}, {'name': 'indirect_time', 'type': 'float', 'excel_column': 'Indirekt', 'format': '${numeric_format}', 'decimals': 2, 'is_position': True, 'sum': True}, {'name': 'service_requester_name', 'type': 'str', 'excel_column': 'Leistungsbesteller'}, {'name': 'payer_id', 'type': 'str', 'excel_column': 'ZDNR'}]}
2026-02-05 11:56:18.953 | ERROR    | shared_modules.config:_validate_structure_and_paths:179 - SQLite-Datenbank nicht gefunden: /home/stephan/projects/wegpiraten/data/wegpiraten.sqlite3
2026-02-05 11:56:18.953 | ERROR    | cli:import_masterdata:148 - Fehler beim Import der Stammdaten: SQLite-Datenbank nicht gefunden: /home/stephan/projects/wegpiraten/data/wegpiraten.sqlite3
Traceback (most recent call last):

  File "/home/stephan/projects/wegpiraten/.venv/bin/wegpiraten", line 10, in <module>
    sys.exit(main())
    │   │    └ <function main at 0x7f5ad875a700>
    │   └ <built-in function exit>
    └ <module 'sys' (built-in)>

  File "/home/stephan/projects/wegpiraten/src/cli.py", line 225, in main
    app()
    └ <typer.main.Typer object at 0x7f5ad7340ad0>

  File "/home/stephan/projects/wegpiraten/.venv/lib/python3.13/site-packages/typer/main.py", line 319, in __call__
    return get_command(self)(*args, **kwargs)
           │           │      │       └ {}
           │           │      └ ()
           │           └ <typer.main.Typer object at 0x7f5ad7340ad0>
           └ <function get_command at 0x7f5ad8ec2160>
  File "/home/stephan/projects/wegpiraten/.venv/lib/python3.13/site-packages/click/core.py", line 1485, in __call__
    return self.main(*args, **kwargs)
           │    │     │       └ {}
           │    │     └ ()
           │    └ <function TyperGroup.main at 0x7f5ad8eb2160>
           └ <TyperGroup wegpiraten>
  File "/home/stephan/projects/wegpiraten/.venv/lib/python3.13/site-packages/typer/core.py", line 814, in main
    return _main(
           └ <function _main at 0x7f5ad8eb0cc0>
  File "/home/stephan/projects/wegpiraten/.venv/lib/python3.13/site-packages/typer/core.py", line 190, in _main
    rv = self.invoke(ctx)
         │    │      └ <click.core.Context object at 0x7f5ad73dd940>
         │    └ <function Group.invoke at 0x7f5ad8fbba60>
         └ <TyperGroup wegpiraten>
  File "/home/stephan/projects/wegpiraten/.venv/lib/python3.13/site-packages/click/core.py", line 1873, in invoke
    return _process_result(sub_ctx.command.invoke(sub_ctx))
           │               │       │       │      └ <click.core.Context object at 0x7f5ad7238e10>
           │               │       │       └ <function Command.invoke at 0x7f5ad8fba840>
           │               │       └ <TyperCommand import-master>
           │               └ <click.core.Context object at 0x7f5ad7238e10>
           └ <function Group.invoke.<locals>._process_result at 0x7f5ad721dd00>
  File "/home/stephan/projects/wegpiraten/.venv/lib/python3.13/site-packages/click/core.py", line 1269, in invoke
    return ctx.invoke(self.callback, **ctx.params)
           │   │      │    │           │   └ {'config_path': None, 'source': None}
           │   │      │    │           └ <click.core.Context object at 0x7f5ad7238e10>
           │   │      │    └ <function import_masterdata at 0x7f5ad721da80>
           │   │      └ <TyperCommand import-master>
           │   └ <function Context.invoke at 0x7f5ad8fb9a80>
           └ <click.core.Context object at 0x7f5ad7238e10>
  File "/home/stephan/projects/wegpiraten/.venv/lib/python3.13/site-packages/click/core.py", line 824, in invoke
    return callback(*args, **kwargs)
           │         │       └ {'config_path': None, 'source': None}
           │         └ ()
           └ <function import_masterdata at 0x7f5ad721da80>
  File "/home/stephan/projects/wegpiraten/.venv/lib/python3.13/site-packages/typer/main.py", line 706, in wrapper
    return callback(**use_params)
           │          └ {'config_path': None, 'source': None}
           └ <function import_masterdata at 0x7f5ad721d8a0>

> File "/home/stephan/projects/wegpiraten/src/cli.py", line 140, in import_masterdata
    config = get_config(config_path)
             │          └ None
             └ <function get_config at 0x7f5ad8b40e00>

  File "/home/stephan/projects/wegpiraten/src/cli.py", line 37, in get_config
    return Config(path)
           │      └ PosixPath('/home/stephan/projects/wegpiraten/.config/wegpiraten_config.yaml')
           └ <class 'shared_modules.config.Config'>

  File "/home/stephan/projects/wegpiraten/src/shared_modules/config.py", line 81, in __init__
    self._validate_structure_and_paths()
    │    └ <function Config._validate_structure_and_paths at 0x7f5ad721d120>
    └ <shared_modules.config.Config object at 0x7f5ad73ddbe0>

  File "/home/stephan/projects/wegpiraten/src/shared_modules/config.py", line 180, in _validate_structure_and_paths
    raise FileNotFoundError(f"SQLite-Datenbank nicht gefunden: {db_path}")
                                                                └ PosixPath('/home/stephan/projects/wegpiraten/data/wegpiraten.sqlite3')

FileNotFoundError: SQLite-Datenbank nicht gefunden: /home/stephan/projects/wegpiraten/data/wegpiraten.sqlite3
2026-02-05 12:01:01.755 | DEBUG    | shared_modules.config:__init__:69 - Lade Konfiguration von /home/stephan/projects/wegpiraten/.config/wegpiraten_config.yaml
2026-02-05 12:01:01.755 | DEBUG    | shared_modules.config:_parse_section:109 - Parsiere Abschnitt 'structure': {'prj_root': '/home/stephan/projects/wegpiraten', 'shared_data_path': 'data', 'output_path': 'output', 'template_path': 'templates', 'tmp_path': '.tmp', 'log_path': '.logs', 'local_data_path': 'data', 'graphics': 'graphics'}
2026-02-05 12:01:01.755 | DEBUG    | shared_modules.config:_parse_section:109 - Parsiere Abschnitt 'database': {'sqlite_db_name': 'wegpiraten.sqlite3', 'db_name': 'wegpiraten_datenbank.xlsx', 'db_encrypted': True}
2026-02-05 12:01:01.755 | DEBUG    | shared_modules.config:_parse_section:109 - Parsiere Abschnitt 'formatting': {'locale': 'de_CH', 'currency': 'CHF', 'currency_format': '#,##0.00 ¤', 'date_format': 'dd.MM.yyyy', 'numeric_format': '#,##0.00'}
2026-02-05 12:01:01.755 | DEBUG    | shared_modules.config:_parse_section:109 - Parsiere Abschnitt 'service_provider': {'name': 'Wegpiraten GmbH', 'street': 'Alpenstrasse 2', 'zip_code': '3800', 'city': 'Interlaken', 'phone': '+41 (0)76 790 67 56', 'email': 'info@wegpiraten.ch', 'website': 'www.wegpiraten.ch', 'uid': 'CHE-123.456.789 MWST', 'bank': 'Bank EKI Genossenschaft', 'iban': 'CH07 0839 3053 8385 3915 1'}
2026-02-05 12:01:01.756 | DEBUG    | shared_modules.config:_parse_section:109 - Parsiere Abschnitt 'templates': {'invoice_template_name': 'rechnungsvorlage.docx', 'sheet_name': 'Pivot Rechnungsdaten', 'time_sheet_header_cells': {'employee_name': 'C5', 'emp_id': 'G5', 'reporting_month': 'C6', 'allowed_hours_per_month': 'C7', 'service_type': 'G7', 'short_code': 'C8', 'client_id': 'G8'}, 'time_sheet_data_start_cell': 'A10', 'time_sheet_data_end_cell': 'H28', 'time_sheet_row_mapping': {'service_time': 'A', 'service_date': 'B', 'travel_time': 'C', 'travel_distance': 'D', 'direct_time': 'E', 'indirect_time': 'F', 'billable_hours': 'G', 'notes': 'H'}, 'time_sheet_template': 'time_sheet_template.xlsx', 'client_sheet_name': 'MD_Klienten'}
2026-02-05 12:01:01.756 | DEBUG    | shared_modules.config:_parse_entities:118 - Parsiere Entity-Modell 'employee': {'fields': [{'name': 'emp_id', 'type': 'str', 'primary_key': True, 'excel_column': 'PersNr'}, {'name': 'first_name', 'type': 'str', 'excel_column': 'Vorname'}, {'name': 'last_name', 'type': 'str', 'excel_column': 'Nachname'}, {'name': 'fte', 'type': 'float', 'excel_column': 'FTE', 'format': '${numeric_format}'}, {'name': 'notes', 'type': 'str', 'excel_column': 'Kommentar', 'optional': True}]}
2026-02-05 12:01:01.756 | DEBUG    | shared_modules.config:_parse_entities:118 - Parsiere Entity-Modell 'client': {'fields': [{'name': 'client_id', 'type': 'str', 'primary_key': True, 'excel_column': 'KlientNr'}, {'name': 'social_security_number', 'type': 'str', 'excel_column': 'SozVersNr'}, {'name': 'first_name', 'type': 'str', 'excel_column': 'Vorname'}, {'name': 'last_name', 'type': 'str', 'excel_column': 'Nachname'}, {'name': 'short_code', 'type': 'str', 'excel_column': 'Kürzel'}, {'name': 'payer_id', 'type': 'str', 'excel_column': 'ZdNr'}, {'name': 'service_requester_id', 'type': 'str', 'excel_column': 'LbNr'}, {'name': 'start_date', 'type': 'str', 'excel_column': 'Beginn', 'format': '${date_format}'}, {'name': 'end_date', 'type': 'str', 'excel_column': 'Ende', 'format': '${date_format}', 'optional': True}, {'name': 'employee_id', 'type': 'str', 'excel_column': 'MA_ID'}, {'name': 'allowed_hours_per_month', 'type': 'float', 'optional': True, 'excel_column': 'Stunden pro Monat', 'format': '${numeric_format}', 'sum': True}, {'name': 'service_type', 'type': 'str', 'excel_column': 'SPF / BBT'}, {'name': 'notes', 'type': 'str', 'excel_column': 'Kommentar', 'optional': True}]}
2026-02-05 12:01:01.756 | DEBUG    | shared_modules.config:_parse_entities:118 - Parsiere Entity-Modell 'payer': {'fields': [{'name': 'payer_id', 'type': 'str', 'primary_key': True, 'excel_column': 'ZdNr'}, {'name': 'name', 'type': 'str', 'excel_column': 'ZD_Name'}, {'name': 'name2', 'type': 'str', 'optional': True, 'excel_column': 'ZD_Name2'}, {'name': 'street', 'type': 'str', 'excel_column': 'ZD_Strasse'}, {'name': 'zip_code', 'type': 'str', 'excel_column': 'ZD_PLZ'}, {'name': 'city', 'type': 'str', 'excel_column': 'ZD_Ort'}, {'name': 'notes', 'type': 'str', 'excel_column': 'Kommentar', 'optional': True}]}
2026-02-05 12:01:01.756 | DEBUG    | shared_modules.config:_parse_entities:118 - Parsiere Entity-Modell 'service_requester': {'fields': [{'name': 'service_requester_id', 'type': 'str', 'primary_key': True, 'excel_column': 'LBNr'}, {'name': 'name', 'type': 'str', 'excel_column': 'Leistungsbesteller'}]}
2026-02-05 12:01:01.756 | DEBUG    | shared_modules.config:_parse_entities:118 - Parsiere Entity-Modell 'invoice_data': {'fields': [{'name': 'invoice_number', 'type': 'str', 'primary_key': True, 'excel_column': 'Rechnungs-Nr'}, {'name': 'client_id', 'type': 'str', 'excel_column': 'Klient-Nr.'}, {'name': 'service_time', 'type': 'str', 'excel_column': 'Uhrzeit', 'format': '${date_format} - ${date_format}'}, {'name': 'service_date', 'type': 'str', 'excel_column': 'Leistungsdatum', 'format': '${date_format}', 'is_position': True}, {'name': 'service_type', 'type': 'str', 'excel_column': 'Betreuungstyp'}, {'name': 'travel_time', 'type': 'float', 'excel_column': 'Fahrtzeit', 'format': '${numeric_format}', 'decimals': 2, 'is_position': True, 'sum': True}, {'name': 'direct_time', 'type': 'float', 'excel_column': 'Direkt', 'format': '${numeric_format}', 'decimals': 2, 'is_position': True, 'sum': True}, {'name': 'indirect_time', 'type': 'float', 'excel_column': 'Indirekt', 'format': '${numeric_format}', 'decimals': 2, 'is_position': True, 'sum': True}, {'name': 'service_requester_name', 'type': 'str', 'excel_column': 'Leistungsbesteller'}, {'name': 'payer_id', 'type': 'str', 'excel_column': 'ZDNR'}]}
2026-02-05 12:01:01.756 | ERROR    | shared_modules.config:_validate_structure_and_paths:195 - Reporting-Template nicht gefunden: /home/stephan/projects/wegpiraten/templates/Reportingvorlage.xlsx
2026-02-05 12:01:01.756 | ERROR    | cli:import_masterdata:193 - Fehler beim Import der Stammdaten: Reporting-Template nicht gefunden: /home/stephan/projects/wegpiraten/templates/Reportingvorlage.xlsx
Traceback (most recent call last):

  File "/home/stephan/projects/wegpiraten/.venv/bin/wegpiraten", line 10, in <module>
    sys.exit(main())
    │   │    └ <function main at 0x75cda28e8e00>
    │   └ <built-in function exit>
    └ <module 'sys' (built-in)>

  File "/home/stephan/projects/wegpiraten/src/cli.py", line 270, in main
    app()
    └ <typer.main.Typer object at 0x75cda1640ad0>

  File "/home/stephan/projects/wegpiraten/.venv/lib/python3.13/site-packages/typer/main.py", line 319, in __call__
    return get_command(self)(*args, **kwargs)
           │           │      │       └ {}
           │           │      └ ()
           │           └ <typer.main.Typer object at 0x75cda1640ad0>
           └ <function get_command at 0x75cda31d2ac0>
  File "/home/stephan/projects/wegpiraten/.venv/lib/python3.13/site-packages/click/core.py", line 1485, in __call__
    return self.main(*args, **kwargs)
           │    │     │       └ {}
           │    │     └ ()
           │    └ <function TyperGroup.main at 0x75cda31caac0>
           └ <TyperGroup wegpiraten>
  File "/home/stephan/projects/wegpiraten/.venv/lib/python3.13/site-packages/typer/core.py", line 814, in main
    return _main(
           └ <function _main at 0x75cda31c9620>
  File "/home/stephan/projects/wegpiraten/.venv/lib/python3.13/site-packages/typer/core.py", line 190, in _main
    rv = self.invoke(ctx)
         │    │      └ <click.core.Context object at 0x75cda16e1940>
         │    └ <function Group.invoke at 0x75cda32d8400>
         └ <TyperGroup wegpiraten>
  File "/home/stephan/projects/wegpiraten/.venv/lib/python3.13/site-packages/click/core.py", line 1873, in invoke
    return _process_result(sub_ctx.command.invoke(sub_ctx))
           │               │       │       │      └ <click.core.Context object at 0x75cda153ce10>
           │               │       │       └ <function Command.invoke at 0x75cda32cf1a0>
           │               │       └ <TyperCommand import-master>
           │               └ <click.core.Context object at 0x75cda153ce10>
           └ <function Group.invoke.<locals>._process_result at 0x75cda152a700>
  File "/home/stephan/projects/wegpiraten/.venv/lib/python3.13/site-packages/click/core.py", line 1269, in invoke
    return ctx.invoke(self.callback, **ctx.params)
           │   │      │    │           │   └ {'config_path': None, 'source': None}
           │   │      │    │           └ <click.core.Context object at 0x75cda153ce10>
           │   │      │    └ <function import_masterdata at 0x75cda152a480>
           │   │      └ <TyperCommand import-master>
           │   └ <function Context.invoke at 0x75cda32ce3e0>
           └ <click.core.Context object at 0x75cda153ce10>
  File "/home/stephan/projects/wegpiraten/.venv/lib/python3.13/site-packages/click/core.py", line 824, in invoke
    return callback(*args, **kwargs)
           │         │       └ {'config_path': None, 'source': None}
           │         └ ()
           └ <function import_masterdata at 0x75cda152a480>
  File "/home/stephan/projects/wegpiraten/.venv/lib/python3.13/site-packages/typer/main.py", line 706, in wrapper
    return callback(**use_params)
           │          └ {'config_path': None, 'source': None}
           └ <function import_masterdata at 0x75cda152a2a0>

> File "/home/stephan/projects/wegpiraten/src/cli.py", line 185, in import_masterdata
    config = get_config(config_path)
             │          └ None
             └ <function get_config at 0x75cda2cdf380>

  File "/home/stephan/projects/wegpiraten/src/cli.py", line 40, in get_config
    return Config(path)
           │      └ PosixPath('/home/stephan/projects/wegpiraten/.config/wegpiraten_config.yaml')
           └ <class 'shared_modules.config.Config'>

  File "/home/stephan/projects/wegpiraten/src/shared_modules/config.py", line 81, in __init__
    self._validate_structure_and_paths()
    │    └ <function Config._validate_structure_and_paths at 0x75cda1529a80>
    └ <shared_modules.config.Config object at 0x75cda16e1be0>

  File "/home/stephan/projects/wegpiraten/src/shared_modules/config.py", line 196, in _validate_structure_and_paths
    raise FileNotFoundError(f"Reporting-Template nicht gefunden: {template_file}")
                                                                  └ PosixPath('/home/stephan/projects/wegpiraten/templates/Reportingvorlage.xlsx')

FileNotFoundError: Reporting-Template nicht gefunden: /home/stephan/projects/wegpiraten/templates/Reportingvorlage.xlsx
2026-02-05 12:06:51.931 | DEBUG    | shared_modules.config:__init__:69 - Lade Konfiguration von /home/stephan/projects/wegpiraten/.config/wegpiraten_config.yaml
2026-02-05 12:06:51.931 | DEBUG    | shared_modules.config:_parse_section:109 - Parsiere Abschnitt 'structure': {'prj_root': '/home/stephan/projects/wegpiraten', 'shared_data_path': 'data', 'output_path': 'output', 'template_path': 'templates', 'tmp_path': '.tmp', 'log_path': '.logs', 'local_data_path': 'data', 'graphics': 'graphics'}
2026-02-05 12:06:51.931 | DEBUG    | shared_modules.config:_parse_section:109 - Parsiere Abschnitt 'database': {'sqlite_db_name': 'wegpiraten.sqlite3', 'db_name': 'wegpiraten_datenbank.xlsx', 'db_encrypted': True}
2026-02-05 12:06:51.931 | DEBUG    | shared_modules.config:_parse_section:109 - Parsiere Abschnitt 'formatting': {'locale': 'de_CH', 'currency': 'CHF', 'currency_format': '#,##0.00 ¤', 'date_format': 'dd.MM.yyyy', 'numeric_format': '#,##0.00'}
2026-02-05 12:06:51.931 | DEBUG    | shared_modules.config:_parse_section:109 - Parsiere Abschnitt 'service_provider': {'name': 'Wegpiraten GmbH', 'street': 'Alpenstrasse 2', 'zip_code': '3800', 'city': 'Interlaken', 'phone': '+41 (0)76 790 67 56', 'email': 'info@wegpiraten.ch', 'website': 'www.wegpiraten.ch', 'uid': 'CHE-123.456.789 MWST', 'bank': 'Bank EKI Genossenschaft', 'iban': 'CH07 0839 3053 8385 3915 1'}
2026-02-05 12:06:51.931 | DEBUG    | shared_modules.config:_parse_section:109 - Parsiere Abschnitt 'templates': {'invoice_template_name': 'rechnungsvorlage.docx', 'sheet_name': 'Pivot Rechnungsdaten', 'time_sheet_header_cells': {'employee_name': 'C5', 'emp_id': 'G5', 'reporting_month': 'C6', 'allowed_hours_per_month': 'C7', 'service_type': 'G7', 'short_code': 'C8', 'client_id': 'G8'}, 'time_sheet_data_start_cell': 'A10', 'time_sheet_data_end_cell': 'H28', 'time_sheet_row_mapping': {'service_time': 'A', 'service_date': 'B', 'travel_time': 'C', 'travel_distance': 'D', 'direct_time': 'E', 'indirect_time': 'F', 'billable_hours': 'G', 'notes': 'H'}, 'time_sheet_template': 'time_sheet_template.xlsx', 'client_sheet_name': 'MD_Klienten'}
2026-02-05 12:06:51.932 | DEBUG    | shared_modules.config:_parse_entities:118 - Parsiere Entity-Modell 'employee': {'fields': [{'name': 'emp_id', 'type': 'str', 'primary_key': True, 'excel_column': 'PersNr'}, {'name': 'first_name', 'type': 'str', 'excel_column': 'Vorname'}, {'name': 'last_name', 'type': 'str', 'excel_column': 'Nachname'}, {'name': 'fte', 'type': 'float', 'excel_column': 'FTE', 'format': '${numeric_format}'}, {'name': 'notes', 'type': 'str', 'excel_column': 'Kommentar', 'optional': True}]}
2026-02-05 12:06:51.932 | DEBUG    | shared_modules.config:_parse_entities:118 - Parsiere Entity-Modell 'client': {'fields': [{'name': 'client_id', 'type': 'str', 'primary_key': True, 'excel_column': 'KlientNr'}, {'name': 'social_security_number', 'type': 'str', 'excel_column': 'SozVersNr'}, {'name': 'first_name', 'type': 'str', 'excel_column': 'Vorname'}, {'name': 'last_name', 'type': 'str', 'excel_column': 'Nachname'}, {'name': 'short_code', 'type': 'str', 'excel_column': 'Kürzel'}, {'name': 'payer_id', 'type': 'str', 'excel_column': 'ZdNr'}, {'name': 'service_requester_id', 'type': 'str', 'excel_column': 'LbNr'}, {'name': 'start_date', 'type': 'str', 'excel_column': 'Beginn', 'format': '${date_format}'}, {'name': 'end_date', 'type': 'str', 'excel_column': 'Ende', 'format': '${date_format}', 'optional': True}, {'name': 'employee_id', 'type': 'str', 'excel_column': 'MA_ID'}, {'name': 'allowed_hours_per_month', 'type': 'float', 'optional': True, 'excel_column': 'Stunden pro Monat', 'format': '${numeric_format}', 'sum': True}, {'name': 'service_type', 'type': 'str', 'excel_column': 'SPF / BBT'}, {'name': 'notes', 'type': 'str', 'excel_column': 'Kommentar', 'optional': True}]}
2026-02-05 12:06:51.932 | DEBUG    | shared_modules.config:_parse_entities:118 - Parsiere Entity-Modell 'payer': {'fields': [{'name': 'payer_id', 'type': 'str', 'primary_key': True, 'excel_column': 'ZdNr'}, {'name': 'name', 'type': 'str', 'excel_column': 'ZD_Name'}, {'name': 'name2', 'type': 'str', 'optional': True, 'excel_column': 'ZD_Name2'}, {'name': 'street', 'type': 'str', 'excel_column': 'ZD_Strasse'}, {'name': 'zip_code', 'type': 'str', 'excel_column': 'ZD_PLZ'}, {'name': 'city', 'type': 'str', 'excel_column': 'ZD_Ort'}, {'name': 'notes', 'type': 'str', 'excel_column': 'Kommentar', 'optional': True}]}
2026-02-05 12:06:51.932 | DEBUG    | shared_modules.config:_parse_entities:118 - Parsiere Entity-Modell 'service_requester': {'fields': [{'name': 'service_requester_id', 'type': 'str', 'primary_key': True, 'excel_column': 'LBNr'}, {'name': 'name', 'type': 'str', 'excel_column': 'Leistungsbesteller'}]}
2026-02-05 12:06:51.932 | DEBUG    | shared_modules.config:_parse_entities:118 - Parsiere Entity-Modell 'invoice_data': {'fields': [{'name': 'invoice_number', 'type': 'str', 'primary_key': True, 'excel_column': 'Rechnungs-Nr'}, {'name': 'client_id', 'type': 'str', 'excel_column': 'Klient-Nr.'}, {'name': 'service_time', 'type': 'str', 'excel_column': 'Uhrzeit', 'format': '${date_format} - ${date_format}'}, {'name': 'service_date', 'type': 'str', 'excel_column': 'Leistungsdatum', 'format': '${date_format}', 'is_position': True}, {'name': 'service_type', 'type': 'str', 'excel_column': 'Betreuungstyp'}, {'name': 'travel_time', 'type': 'float', 'excel_column': 'Fahrtzeit', 'format': '${numeric_format}', 'decimals': 2, 'is_position': True, 'sum': True}, {'name': 'direct_time', 'type': 'float', 'excel_column': 'Direkt', 'format': '${numeric_format}', 'decimals': 2, 'is_position': True, 'sum': True}, {'name': 'indirect_time', 'type': 'float', 'excel_column': 'Indirekt', 'format': '${numeric_format}', 'decimals': 2, 'is_position': True, 'sum': True}, {'name': 'service_requester_name', 'type': 'str', 'excel_column': 'Leistungsbesteller'}, {'name': 'payer_id', 'type': 'str', 'excel_column': 'ZDNR'}]}
2026-02-05 12:06:51.932 | ERROR    | shared_modules.config:_validate_structure_and_paths:208 - templates.time_sheet_header_cells ist nicht definiert.
2026-02-05 12:06:51.932 | ERROR    | cli:import_masterdata:193 - Fehler beim Import der Stammdaten: templates.time_sheet_header_cells ist Pflicht.
Traceback (most recent call last):

  File "/home/stephan/projects/wegpiraten/.venv/bin/wegpiraten", line 10, in <module>
    sys.exit(main())
    │   │    └ <function main at 0x7de416e2cea0>
    │   └ <built-in function exit>
    └ <module 'sys' (built-in)>

  File "/home/stephan/projects/wegpiraten/src/cli.py", line 270, in main
    app()
    └ <typer.main.Typer object at 0x7de415b28c20>

  File "/home/stephan/projects/wegpiraten/.venv/lib/python3.13/site-packages/typer/main.py", line 319, in __call__
    return get_command(self)(*args, **kwargs)
           │           │      │       └ {}
           │           │      └ ()
           │           └ <typer.main.Typer object at 0x7de415b28c20>
           └ <function get_command at 0x7de4176ceac0>
  File "/home/stephan/projects/wegpiraten/.venv/lib/python3.13/site-packages/click/core.py", line 1485, in __call__
    return self.main(*args, **kwargs)
           │    │     │       └ {}
           │    │     └ ()
           │    └ <function TyperGroup.main at 0x7de4176c2ac0>
           └ <TyperGroup wegpiraten>
  File "/home/stephan/projects/wegpiraten/.venv/lib/python3.13/site-packages/typer/core.py", line 814, in main
    return _main(
           └ <function _main at 0x7de4176c1620>
  File "/home/stephan/projects/wegpiraten/.venv/lib/python3.13/site-packages/typer/core.py", line 190, in _main
    rv = self.invoke(ctx)
         │    │      └ <click.core.Context object at 0x7de415bcda90>
         │    └ <function Group.invoke at 0x7de4177d0400>
         └ <TyperGroup wegpiraten>
  File "/home/stephan/projects/wegpiraten/.venv/lib/python3.13/site-packages/click/core.py", line 1873, in invoke
    return _process_result(sub_ctx.command.invoke(sub_ctx))
           │               │       │       │      └ <click.core.Context object at 0x7de415a34cd0>
           │               │       │       └ <function Command.invoke at 0x7de4177cb1a0>
           │               │       └ <TyperCommand import-master>
           │               └ <click.core.Context object at 0x7de415a34cd0>
           └ <function Group.invoke.<locals>._process_result at 0x7de415a1a700>
  File "/home/stephan/projects/wegpiraten/.venv/lib/python3.13/site-packages/click/core.py", line 1269, in invoke
    return ctx.invoke(self.callback, **ctx.params)
           │   │      │    │           │   └ {'config_path': None, 'source': None}
           │   │      │    │           └ <click.core.Context object at 0x7de415a34cd0>
           │   │      │    └ <function import_masterdata at 0x7de415a1a480>
           │   │      └ <TyperCommand import-master>
           │   └ <function Context.invoke at 0x7de4177ca3e0>
           └ <click.core.Context object at 0x7de415a34cd0>
  File "/home/stephan/projects/wegpiraten/.venv/lib/python3.13/site-packages/click/core.py", line 824, in invoke
    return callback(*args, **kwargs)
           │         │       └ {'config_path': None, 'source': None}
           │         └ ()
           └ <function import_masterdata at 0x7de415a1a480>
  File "/home/stephan/projects/wegpiraten/.venv/lib/python3.13/site-packages/typer/main.py", line 706, in wrapper
    return callback(**use_params)
           │          └ {'config_path': None, 'source': None}
           └ <function import_masterdata at 0x7de415a1a2a0>

> File "/home/stephan/projects/wegpiraten/src/cli.py", line 185, in import_masterdata
    config = get_config(config_path)
             │          └ None
             └ <function get_config at 0x7de41722b380>

  File "/home/stephan/projects/wegpiraten/src/cli.py", line 40, in get_config
    return Config(path)
           │      └ PosixPath('/home/stephan/projects/wegpiraten/.config/wegpiraten_config.yaml')
           └ <class 'shared_modules.config.Config'>

  File "/home/stephan/projects/wegpiraten/src/shared_modules/config.py", line 81, in __init__
    self._validate_structure_and_paths()
    │    └ <function Config._validate_structure_and_paths at 0x7de415a19a80>
    └ <shared_modules.config.Config object at 0x7de415bcdd30>

  File "/home/stephan/projects/wegpiraten/src/shared_modules/config.py", line 209, in _validate_structure_and_paths
    raise ValueError(f"{field_name} ist Pflicht.")
                        └ 'templates.time_sheet_header_cells'

ValueError: templates.time_sheet_header_cells ist Pflicht.
2026-02-05 15:20:36.238 | DEBUG    | shared_modules.config:__init__:69 - Lade Konfiguration von /home/stephan/projects/wegpiraten/.config/wegpiraten_config.yaml
2026-02-05 15:20:36.239 | DEBUG    | shared_modules.config:_parse_section:109 - Parsiere Abschnitt 'structure': {'prj_root': '/home/stephan/projects/wegpiraten', 'shared_data_path': 'data', 'output_path': 'output', 'template_path': 'templates', 'tmp_path': '.tmp', 'log_path': '.logs', 'local_data_path': 'data', 'graphics': 'graphics'}
2026-02-05 15:20:36.239 | DEBUG    | shared_modules.config:_parse_section:109 - Parsiere Abschnitt 'database': {'sqlite_db_name': 'wegpiraten.sqlite3', 'db_name': 'wegpiraten_datenbank.xlsx', 'db_encrypted': True}
2026-02-05 15:20:36.240 | DEBUG    | shared_modules.config:_parse_section:109 - Parsiere Abschnitt 'formatting': {'locale': 'de_CH', 'currency': 'CHF', 'currency_format': '#,##0.00 ¤', 'date_format': 'dd.MM.yyyy', 'numeric_format': '#,##0.00'}
2026-02-05 15:20:36.240 | DEBUG    | shared_modules.config:_parse_section:109 - Parsiere Abschnitt 'service_provider': {'name': 'Wegpiraten GmbH', 'street': 'Alpenstrasse 2', 'zip_code': '3800', 'city': 'Interlaken', 'phone': '+41 (0)76 790 67 56', 'email': 'info@wegpiraten.ch', 'website': 'www.wegpiraten.ch', 'uid': 'CHE-123.456.789 MWST', 'bank': 'Bank EKI Genossenschaft', 'iban': 'CH07 0839 3053 8385 3915 1'}
2026-02-05 15:20:36.240 | DEBUG    | shared_modules.config:_parse_section:109 - Parsiere Abschnitt 'templates': {'invoice_template_name': 'rechnungsvorlage.docx', 'sheet_name': 'Pivot Rechnungsdaten', 'time_sheet_header_cells': {'employee_name': 'C5', 'emp_id': 'G5', 'reporting_month': 'C6', 'allowed_hours_per_month': 'C7', 'service_type': 'G7', 'short_code': 'C8', 'client_id': 'G8'}, 'time_sheet_data_start_cell': 'A10', 'time_sheet_data_end_cell': 'H28', 'time_sheet_row_mapping': {'service_time': 'A', 'service_date': 'B', 'travel_time': 'C', 'travel_distance': 'D', 'direct_time': 'E', 'indirect_time': 'F', 'billable_hours': 'G', 'notes': 'H'}, 'time_sheet_template': 'time_sheet_template.xlsx', 'client_sheet_name': 'MD_Klienten'}
2026-02-05 15:20:36.240 | DEBUG    | shared_modules.config:_parse_entities:118 - Parsiere Entity-Modell 'employee': {'fields': [{'name': 'emp_id', 'type': 'str', 'primary_key': True, 'excel_column': 'PersNr'}, {'name': 'first_name', 'type': 'str', 'excel_column': 'Vorname'}, {'name': 'last_name', 'type': 'str', 'excel_column': 'Nachname'}, {'name': 'fte', 'type': 'float', 'excel_column': 'FTE', 'format': '${numeric_format}'}, {'name': 'notes', 'type': 'str', 'excel_column': 'Kommentar', 'optional': True}]}
2026-02-05 15:20:36.240 | DEBUG    | shared_modules.config:_parse_entities:118 - Parsiere Entity-Modell 'client': {'fields': [{'name': 'client_id', 'type': 'str', 'primary_key': True, 'excel_column': 'KlientNr'}, {'name': 'social_security_number', 'type': 'str', 'excel_column': 'SozVersNr'}, {'name': 'first_name', 'type': 'str', 'excel_column': 'Vorname'}, {'name': 'last_name', 'type': 'str', 'excel_column': 'Nachname'}, {'name': 'short_code', 'type': 'str', 'excel_column': 'Kürzel'}, {'name': 'payer_id', 'type': 'str', 'excel_column': 'ZdNr'}, {'name': 'service_requester_id', 'type': 'str', 'excel_column': 'LbNr'}, {'name': 'start_date', 'type': 'str', 'excel_column': 'Beginn', 'format': '${date_format}'}, {'name': 'end_date', 'type': 'str', 'excel_column': 'Ende', 'format': '${date_format}', 'optional': True}, {'name': 'employee_id', 'type': 'str', 'excel_column': 'MA_ID'}, {'name': 'allowed_hours_per_month', 'type': 'float', 'optional': True, 'excel_column': 'Stunden pro Monat', 'format': '${numeric_format}', 'sum': True}, {'name': 'service_type', 'type': 'str', 'excel_column': 'SPF / BBT'}, {'name': 'notes', 'type': 'str', 'excel_column': 'Kommentar', 'optional': True}]}
2026-02-05 15:20:36.240 | DEBUG    | shared_modules.config:_parse_entities:118 - Parsiere Entity-Modell 'payer': {'fields': [{'name': 'payer_id', 'type': 'str', 'primary_key': True, 'excel_column': 'ZdNr'}, {'name': 'name', 'type': 'str', 'excel_column': 'ZD_Name'}, {'name': 'name2', 'type': 'str', 'optional': True, 'excel_column': 'ZD_Name2'}, {'name': 'street', 'type': 'str', 'excel_column': 'ZD_Strasse'}, {'name': 'zip_code', 'type': 'str', 'excel_column': 'ZD_PLZ'}, {'name': 'city', 'type': 'str', 'excel_column': 'ZD_Ort'}, {'name': 'notes', 'type': 'str', 'excel_column': 'Kommentar', 'optional': True}]}
2026-02-05 15:20:36.240 | DEBUG    | shared_modules.config:_parse_entities:118 - Parsiere Entity-Modell 'service_requester': {'fields': [{'name': 'service_requester_id', 'type': 'str', 'primary_key': True, 'excel_column': 'LBNr'}, {'name': 'name', 'type': 'str', 'excel_column': 'Leistungsbesteller'}]}
2026-02-05 15:20:36.241 | DEBUG    | shared_modules.config:_parse_entities:118 - Parsiere Entity-Modell 'invoice_data': {'fields': [{'name': 'invoice_number', 'type': 'str', 'primary_key': True, 'excel_column': 'Rechnungs-Nr'}, {'name': 'client_id', 'type': 'str', 'excel_column': 'Klient-Nr.'}, {'name': 'service_time', 'type': 'str', 'excel_column': 'Uhrzeit', 'format': '${date_format} - ${date_format}'}, {'name': 'service_date', 'type': 'str', 'excel_column': 'Leistungsdatum', 'format': '${date_format}', 'is_position': True}, {'name': 'service_type', 'type': 'str', 'excel_column': 'Betreuungstyp'}, {'name': 'travel_time', 'type': 'float', 'excel_column': 'Fahrtzeit', 'format': '${numeric_format}', 'decimals': 2, 'is_position': True, 'sum': True}, {'name': 'direct_time', 'type': 'float', 'excel_column': 'Direkt', 'format': '${numeric_format}', 'decimals': 2, 'is_position': True, 'sum': True}, {'name': 'indirect_time', 'type': 'float', 'excel_column': 'Indirekt', 'format': '${numeric_format}', 'decimals': 2, 'is_position': True, 'sum': True}, {'name': 'service_requester_name', 'type': 'str', 'excel_column': 'Leistungsbesteller'}, {'name': 'payer_id', 'type': 'str', 'excel_column': 'ZDNR'}]}
2026-02-05 15:20:36.241 | DEBUG    | shared_modules.config:__init__:83 - Konfiguration erfolgreich geladen und validiert.
2026-02-05 15:20:37.721 | INFO     | data_imports.import_masterdata:run_import:208 - Importiere Stammdaten von data/wegpiraten_datenbank.xlsx nach /home/stephan/projects/wegpiraten/data/wegpiraten.sqlite3
2026-02-05 15:20:37.722 | DEBUG    | data_imports.import_masterdata:create_target_tables:117 - Erstelle Tabelle employees: CREATE TABLE IF NOT EXISTS employees (
    emp_id TEXT,
    first_name TEXT,
    last_name TEXT,
    fte REAL,
    notes TEXT,
    PRIMARY KEY (emp_id)
)
2026-02-05 15:20:37.733 | INFO     | data_imports.import_masterdata:import_entity_data:133 - Importiere Excel-Tabelle MD_MA → employees
2026-02-05 15:20:37.849 | ERROR    | data_imports.import_masterdata:import_entity_data:137 - Fehler beim Lesen der Excel-Tabelle MD_MA: Tabelle MD_MA nicht gefunden.
2026-02-05 15:20:37.849 | DEBUG    | data_imports.import_masterdata:create_target_tables:117 - Erstelle Tabelle service_requester: CREATE TABLE IF NOT EXISTS service_requester (
    service_requester_id TEXT,
    name TEXT,
    PRIMARY KEY (service_requester_id)
)
2026-02-05 15:20:37.858 | INFO     | data_imports.import_masterdata:import_entity_data:133 - Importiere Excel-Tabelle Leistungsbesteller → service_requester
2026-02-05 15:20:37.977 | ERROR    | data_imports.import_masterdata:import_entity_data:137 - Fehler beim Lesen der Excel-Tabelle Leistungsbesteller: Tabelle Leistungsbesteller nicht gefunden.
2026-02-05 15:20:37.977 | DEBUG    | data_imports.import_masterdata:create_target_tables:117 - Erstelle Tabelle payer: CREATE TABLE IF NOT EXISTS payer (
    payer_id TEXT,
    name TEXT,
    name2 TEXT,
    street TEXT,
    zip_code TEXT,
    city TEXT,
    notes TEXT,
    PRIMARY KEY (payer_id)
)
2026-02-05 15:20:38.005 | INFO     | data_imports.import_masterdata:import_entity_data:133 - Importiere Excel-Tabelle Zahlungsdienstleister → payer
2026-02-05 15:20:38.142 | ERROR    | data_imports.import_masterdata:import_entity_data:137 - Fehler beim Lesen der Excel-Tabelle Zahlungsdienstleister: Tabelle Zahlungsdienstleister nicht gefunden.
2026-02-05 15:20:38.142 | DEBUG    | data_imports.import_masterdata:create_target_tables:117 - Erstelle Tabelle clients: CREATE TABLE IF NOT EXISTS clients (
    client_id TEXT,
    social_security_number TEXT,
    first_name TEXT,
    last_name TEXT,
    short_code TEXT,
    payer_id TEXT,
    service_requester_id TEXT,
    start_date TEXT,
    end_date TEXT,
    employee_id TEXT,
    allowed_hours_per_month REAL,
    service_type TEXT,
    notes TEXT,
    PRIMARY KEY (client_id)
)
2026-02-05 15:20:38.170 | INFO     | data_imports.import_masterdata:import_entity_data:133 - Importiere Excel-Tabelle MD_Client → clients
2026-02-05 15:20:38.277 | ERROR    | data_imports.import_masterdata:import_entity_data:137 - Fehler beim Lesen der Excel-Tabelle MD_Client: Tabelle MD_Client nicht gefunden.
2026-02-05 15:20:38.277 | INFO     | data_imports.import_masterdata:run_import:240 - Stammdaten-Import abgeschlossen. 0 Datensätze importiert.
2026-02-05 16:57:48.481 | DEBUG    | shared_modules.config:__init__:69 - Lade Konfiguration von /home/stephan/projects/wegpiraten/.config/wegpiraten_config.yaml
2026-02-05 16:57:48.482 | DEBUG    | shared_modules.config:_parse_section:109 - Parsiere Abschnitt 'structure': {'prj_root': '/home/stephan/projects/wegpiraten', 'shared_data_path': 'data', 'output_path': 'output', 'template_path': 'templates', 'tmp_path': '.tmp', 'log_path': '.logs', 'local_data_path': 'data', 'graphics': 'graphics'}
2026-02-05 16:57:48.483 | DEBUG    | shared_modules.config:_parse_section:109 - Parsiere Abschnitt 'database': {'sqlite_db_name': 'wegpiraten.sqlite3', 'db_name': 'wegpiraten_datenbank.xlsx', 'db_encrypted': True}
2026-02-05 16:57:48.483 | DEBUG    | shared_modules.config:_parse_section:109 - Parsiere Abschnitt 'formatting': {'locale': 'de_CH', 'currency': 'CHF', 'currency_format': '#,##0.00 ¤', 'date_format': 'dd.MM.yyyy', 'numeric_format': '#,##0.00'}
2026-02-05 16:57:48.483 | DEBUG    | shared_modules.config:_parse_section:109 - Parsiere Abschnitt 'service_provider': {'name': 'Wegpiraten GmbH', 'street': 'Alpenstrasse 2', 'zip_code': '3800', 'city': 'Interlaken', 'phone': '+41 (0)76 790 67 56', 'email': 'info@wegpiraten.ch', 'website': 'www.wegpiraten.ch', 'uid': 'CHE-123.456.789 MWST', 'bank': 'Bank EKI Genossenschaft', 'iban': 'CH07 0839 3053 8385 3915 1'}
2026-02-05 16:57:48.483 | DEBUG    | shared_modules.config:_parse_section:109 - Parsiere Abschnitt 'templates': {'invoice_template_name': 'rechnungsvorlage.docx', 'sheet_name': 'Pivot Rechnungsdaten', 'time_sheet_header_cells': {'employee_name': 'C5', 'emp_id': 'G5', 'reporting_month': 'C6', 'allowed_hours_per_month': 'C7', 'service_type': 'G7', 'short_code': 'C8', 'client_id': 'G8'}, 'time_sheet_data_start_cell': 'A10', 'time_sheet_data_end_cell': 'H28', 'time_sheet_row_mapping': {'service_time': 'A', 'service_date': 'B', 'travel_time': 'C', 'travel_distance': 'D', 'direct_time': 'E', 'indirect_time': 'F', 'billable_hours': 'G', 'notes': 'H'}, 'time_sheet_template': 'time_sheet_template.xlsx', 'client_sheet_name': 'MD_Klienten'}
2026-02-05 16:57:48.484 | DEBUG    | shared_modules.config:_parse_entities:118 - Parsiere Entity-Modell 'employee': {'fields': [{'name': 'emp_id', 'type': 'str', 'primary_key': True, 'excel_column': 'employee_id'}, {'name': 'first_name', 'type': 'str', 'excel_column': 'first_name'}, {'name': 'last_name', 'type': 'str', 'excel_column': 'last_name'}, {'name': 'fte', 'type': 'float', 'excel_column': 'fte', 'format': '${numeric_format}'}, {'name': 'notes', 'type': 'str', 'excel_column': 'notes', 'optional': True}]}
2026-02-05 16:57:48.484 | DEBUG    | shared_modules.config:_parse_entities:118 - Parsiere Entity-Modell 'client': {'fields': [{'name': 'client_id', 'type': 'str', 'primary_key': True, 'excel_column': 'client_id'}, {'name': 'social_security_number', 'type': 'str', 'excel_column': 'social_security_number'}, {'name': 'first_name', 'type': 'str', 'excel_column': 'first_name'}, {'name': 'last_name', 'type': 'str', 'excel_column': 'last_name'}, {'name': 'short_code', 'type': 'str', 'excel_column': 'short_code'}, {'name': 'payer_id', 'type': 'str', 'excel_column': 'payer_id'}, {'name': 'service_requester_id', 'type': 'str', 'excel_column': 'service_requester_id'}, {'name': 'start_date', 'type': 'str', 'excel_column': 'start_date', 'format': '${date_format}'}, {'name': 'end_date', 'type': 'str', 'excel_column': 'end_date', 'format': '${date_format}', 'optional': True}, {'name': 'employee_id', 'type': 'str', 'excel_column': 'employee_id'}, {'name': 'allowed_hours_per_month', 'type': 'float', 'optional': True, 'excel_column': 'allowed_hours_per_month', 'format': '${numeric_format}', 'sum': True}, {'name': 'service_type', 'type': 'str', 'excel_column': 'service_type_id'}, {'name': 'notes', 'type': 'str', 'excel_column': 'notes', 'optional': True}]}
2026-02-05 16:57:48.484 | DEBUG    | shared_modules.config:_parse_entities:118 - Parsiere Entity-Modell 'payer': {'fields': [{'name': 'payer_id', 'type': 'str', 'primary_key': True, 'excel_column': 'payer_id'}, {'name': 'name', 'type': 'str', 'excel_column': 'name'}, {'name': 'name2', 'type': 'str', 'optional': True, 'excel_column': 'name2'}, {'name': 'street', 'type': 'str', 'excel_column': 'street'}, {'name': 'zip_code', 'type': 'str', 'excel_column': 'zip_code'}, {'name': 'city', 'type': 'str', 'excel_column': 'city'}, {'name': 'notes', 'type': 'str', 'excel_column': 'notes', 'optional': True}]}
2026-02-05 16:57:48.484 | DEBUG    | shared_modules.config:_parse_entities:118 - Parsiere Entity-Modell 'service_requester': {'fields': [{'name': 'service_requester_id', 'type': 'str', 'primary_key': True, 'excel_column': 'service_requester_id'}, {'name': 'name', 'type': 'str', 'excel_column': 'name'}]}
2026-02-05 16:57:48.484 | DEBUG    | shared_modules.config:_parse_entities:118 - Parsiere Entity-Modell 'service_type': {'fields': [{'name': 'service_type_id', 'type': 'str', 'primary_key': True, 'excel_column': 'service_type_id'}, {'name': 'code', 'type': 'str', 'excel_column': 'code'}, {'name': 'description', 'type': 'str', 'excel_column': 'description', 'optional': True}, {'name': 'hourly_rate', 'type': 'float', 'excel_column': 'hourly_rate', 'format': '${numeric_format}'}, {'name': 'km_rate', 'type': 'float', 'excel_column': 'km_rate', 'format': '${numeric_format}'}, {'name': 'rundung', 'type': 'float', 'excel_column': 'rundung', 'format': '${numeric_format}'}, {'name': 'from_date', 'type': 'str', 'excel_column': 'from_date', 'format': '${date_format}', 'optional': True}, {'name': 'notes', 'type': 'str', 'excel_column': 'notes', 'optional': True}]}
2026-02-05 16:57:48.484 | DEBUG    | shared_modules.config:_parse_entities:118 - Parsiere Entity-Modell 'invoice_data': {'fields': [{'name': 'invoice_number', 'type': 'str', 'primary_key': True, 'excel_column': 'Rechnungs-Nr'}, {'name': 'client_id', 'type': 'str', 'excel_column': 'Klient-Nr.'}, {'name': 'service_time', 'type': 'str', 'excel_column': 'Uhrzeit', 'format': '${date_format} - ${date_format}'}, {'name': 'service_date', 'type': 'str', 'excel_column': 'Leistungsdatum', 'format': '${date_format}', 'is_position': True}, {'name': 'service_type', 'type': 'str', 'excel_column': 'Betreuungstyp'}, {'name': 'travel_time', 'type': 'float', 'excel_column': 'Fahrtzeit', 'format': '${numeric_format}', 'decimals': 2, 'is_position': True, 'sum': True}, {'name': 'direct_time', 'type': 'float', 'excel_column': 'Direkt', 'format': '${numeric_format}', 'decimals': 2, 'is_position': True, 'sum': True}, {'name': 'indirect_time', 'type': 'float', 'excel_column': 'Indirekt', 'format': '${numeric_format}', 'decimals': 2, 'is_position': True, 'sum': True}, {'name': 'service_requester_name', 'type': 'str', 'excel_column': 'Leistungsbesteller'}, {'name': 'payer_id', 'type': 'str', 'excel_column': 'ZDNR'}]}
2026-02-05 16:57:48.484 | DEBUG    | shared_modules.config:__init__:83 - Konfiguration erfolgreich geladen und validiert.
2026-02-05 16:57:48.970 | INFO     | data_imports.import_masterdata:run_import:232 - Importiere Stammdaten von data/wegpiraten_datenbank.xlsx nach /home/stephan/projects/wegpiraten/data/wegpiraten.sqlite3
2026-02-05 16:57:48.971 | DEBUG    | data_imports.import_masterdata:create_target_tables:127 - Erstelle Tabelle employees: CREATE TABLE IF NOT EXISTS employees (
    emp_id TEXT,
    first_name TEXT,
    last_name TEXT,
    fte REAL,
    notes TEXT,
    PRIMARY KEY (emp_id)
)
2026-02-05 16:57:48.972 | INFO     | data_imports.import_masterdata:import_entity_data:147 - Importiere Excel-Tabelle masterdata_employee → employees
2026-02-05 16:57:49.099 | SUCCESS  | data_imports.import_masterdata:import_entity_data:172 - 8 Datensätze in employees importiert.
2026-02-05 16:57:49.099 | DEBUG    | data_imports.import_masterdata:create_target_tables:127 - Erstelle Tabelle payer: CREATE TABLE IF NOT EXISTS payer (
    payer_id TEXT,
    name TEXT,
    name2 TEXT,
    street TEXT,
    zip_code TEXT,
    city TEXT,
    notes TEXT,
    PRIMARY KEY (payer_id)
)
2026-02-05 16:57:49.099 | INFO     | data_imports.import_masterdata:import_entity_data:147 - Importiere Excel-Tabelle masterdata_payer → payer
2026-02-05 16:57:49.214 | SUCCESS  | data_imports.import_masterdata:import_entity_data:172 - 6 Datensätze in payer importiert.
2026-02-05 16:57:49.214 | DEBUG    | data_imports.import_masterdata:create_target_tables:127 - Erstelle Tabelle service_requester: CREATE TABLE IF NOT EXISTS service_requester (
    service_requester_id TEXT,
    name TEXT,
    PRIMARY KEY (service_requester_id)
)
2026-02-05 16:57:49.214 | INFO     | data_imports.import_masterdata:import_entity_data:147 - Importiere Excel-Tabelle masterdata_service_requester → service_requester
2026-02-05 16:57:49.378 | SUCCESS  | data_imports.import_masterdata:import_entity_data:172 - 17 Datensätze in service_requester importiert.
2026-02-05 16:57:49.378 | DEBUG    | data_imports.import_masterdata:create_target_tables:127 - Erstelle Tabelle service_types: CREATE TABLE IF NOT EXISTS service_types (
    service_type_id TEXT,
    code TEXT,
    description TEXT,
    hourly_rate REAL,
    km_rate REAL,
    rundung REAL,
    from_date TEXT,
    notes TEXT,
    PRIMARY KEY (service_type_id)
)
2026-02-05 16:57:49.382 | INFO     | data_imports.import_masterdata:import_entity_data:147 - Importiere Excel-Tabelle service_types → service_types
2026-02-05 16:57:49.506 | SUCCESS  | data_imports.import_masterdata:import_entity_data:172 - 5 Datensätze in service_types importiert.
2026-02-05 16:57:49.506 | DEBUG    | data_imports.import_masterdata:create_target_tables:127 - Erstelle Tabelle clients: CREATE TABLE IF NOT EXISTS clients (
    client_id TEXT,
    social_security_number TEXT,
    first_name TEXT,
    last_name TEXT,
    short_code TEXT,
    payer_id TEXT,
    service_requester_id TEXT,
    start_date TEXT,
    end_date TEXT,
    employee_id TEXT,
    allowed_hours_per_month REAL,
    service_type TEXT,
    notes TEXT,
    PRIMARY KEY (client_id),
    FOREIGN KEY (employee_id) REFERENCES employees(emp_id),
    FOREIGN KEY (payer_id) REFERENCES payer(payer_id),
    FOREIGN KEY (service_requester_id) REFERENCES service_requester(service_requester_id),
    FOREIGN KEY (service_type) REFERENCES service_types(service_type_id)
)
2026-02-05 16:57:49.507 | WARNING  | data_imports.import_masterdata:create_target_tables:131 - Tabelle clients existiert bereits. Foreign Keys wurden nicht nachträglich gesetzt.
2026-02-05 16:57:49.507 | INFO     | data_imports.import_masterdata:import_entity_data:147 - Importiere Excel-Tabelle masterdata_client → clients
2026-02-05 16:57:49.652 | SUCCESS  | data_imports.import_masterdata:import_entity_data:172 - 52 Datensätze in clients importiert.
2026-02-05 16:57:49.652 | INFO     | data_imports.import_masterdata:run_import:271 - Stammdaten-Import abgeschlossen. 88 Datensätze importiert.
2026-02-05 17:30:43.424 | DEBUG    | shared_modules.config:__init__:69 - Lade Konfiguration von /home/stephan/projects/wegpiraten/.config/wegpiraten_config.yaml
2026-02-05 17:30:43.426 | DEBUG    | shared_modules.config:_parse_section:109 - Parsiere Abschnitt 'structure': {'prj_root': '/home/stephan/projects/wegpiraten', 'shared_data_path': 'data', 'output_path': 'output', 'template_path': 'templates', 'tmp_path': '.tmp', 'log_path': '.logs', 'local_data_path': 'data', 'graphics': 'graphics'}
2026-02-05 17:30:43.426 | DEBUG    | shared_modules.config:_parse_section:109 - Parsiere Abschnitt 'database': {'sqlite_db_name': 'wegpiraten.sqlite3', 'db_name': 'wegpiraten_datenbank.xlsx', 'db_encrypted': True}
2026-02-05 17:30:43.427 | DEBUG    | shared_modules.config:_parse_section:109 - Parsiere Abschnitt 'formatting': {'locale': 'de_CH', 'currency': 'CHF', 'currency_format': '#,##0.00 ¤', 'date_format': 'dd.MM.yyyy', 'numeric_format': '#,##0.00'}
2026-02-05 17:30:43.427 | DEBUG    | shared_modules.config:_parse_section:109 - Parsiere Abschnitt 'service_provider': {'name': 'Wegpiraten GmbH', 'street': 'Alpenstrasse 2', 'zip_code': '3800', 'city': 'Interlaken', 'phone': '+41 (0)76 790 67 56', 'email': 'info@wegpiraten.ch', 'website': 'www.wegpiraten.ch', 'uid': 'CHE-123.456.789 MWST', 'bank': 'Bank EKI Genossenschaft', 'iban': 'CH07 0839 3053 8385 3915 1'}
2026-02-05 17:30:43.427 | DEBUG    | shared_modules.config:_parse_section:109 - Parsiere Abschnitt 'templates': {'invoice_template_name': 'rechnungsvorlage.docx', 'sheet_name': 'Pivot Rechnungsdaten', 'time_sheet_header_cells': {'employee_name': 'C5', 'emp_id': 'G5', 'reporting_month': 'C6', 'allowed_hours_per_month': 'C7', 'service_type': 'G7', 'short_code': 'C8', 'client_id': 'G8'}, 'time_sheet_data_start_cell': 'A10', 'time_sheet_data_end_cell': 'H28', 'time_sheet_row_mapping': {'service_time': 'A', 'service_date': 'B', 'travel_time': 'C', 'travel_distance': 'D', 'direct_time': 'E', 'indirect_time': 'F', 'billable_hours': 'G', 'notes': 'H'}, 'time_sheet_template': 'time_sheet_template.xlsx', 'client_sheet_name': 'MD_Klienten'}
2026-02-05 17:30:43.427 | DEBUG    | shared_modules.config:_parse_entities:118 - Parsiere Entity-Modell 'employee': {'fields': [{'name': 'emp_id', 'type': 'str', 'primary_key': True, 'excel_column': 'employee_id'}, {'name': 'first_name', 'type': 'str', 'excel_column': 'first_name'}, {'name': 'last_name', 'type': 'str', 'excel_column': 'last_name'}, {'name': 'fte', 'type': 'float', 'excel_column': 'fte', 'format': '${numeric_format}'}, {'name': 'notes', 'type': 'str', 'excel_column': 'notes', 'optional': True}]}
2026-02-05 17:30:43.427 | DEBUG    | shared_modules.config:_parse_entities:118 - Parsiere Entity-Modell 'client': {'fields': [{'name': 'client_id', 'type': 'str', 'primary_key': True, 'excel_column': 'client_id'}, {'name': 'social_security_number', 'type': 'str', 'excel_column': 'social_security_number'}, {'name': 'first_name', 'type': 'str', 'excel_column': 'first_name'}, {'name': 'last_name', 'type': 'str', 'excel_column': 'last_name'}, {'name': 'short_code', 'type': 'str', 'excel_column': 'short_code'}, {'name': 'payer_id', 'type': 'str', 'excel_column': 'payer_id'}, {'name': 'service_requester_id', 'type': 'str', 'excel_column': 'service_requester_id'}, {'name': 'start_date', 'type': 'str', 'excel_column': 'start_date', 'format': '${date_format}'}, {'name': 'end_date', 'type': 'str', 'excel_column': 'end_date', 'format': '${date_format}', 'optional': True}, {'name': 'employee_id', 'type': 'str', 'excel_column': 'employee_id'}, {'name': 'allowed_hours_per_month', 'type': 'float', 'optional': True, 'excel_column': 'allowed_hours_per_month', 'format': '${numeric_format}', 'sum': True}, {'name': 'service_type', 'type': 'str', 'excel_column': 'service_type_id'}, {'name': 'notes', 'type': 'str', 'excel_column': 'notes', 'optional': True}]}
2026-02-05 17:30:43.428 | DEBUG    | shared_modules.config:_parse_entities:118 - Parsiere Entity-Modell 'payer': {'fields': [{'name': 'payer_id', 'type': 'str', 'primary_key': True, 'excel_column': 'payer_id'}, {'name': 'name', 'type': 'str', 'excel_column': 'name'}, {'name': 'name2', 'type': 'str', 'optional': True, 'excel_column': 'name2'}, {'name': 'street', 'type': 'str', 'excel_column': 'street'}, {'name': 'zip_code', 'type': 'str', 'excel_column': 'zip_code'}, {'name': 'city', 'type': 'str', 'excel_column': 'city'}, {'name': 'notes', 'type': 'str', 'excel_column': 'notes', 'optional': True}]}
2026-02-05 17:30:43.428 | DEBUG    | shared_modules.config:_parse_entities:118 - Parsiere Entity-Modell 'service_requester': {'fields': [{'name': 'service_requester_id', 'type': 'str', 'primary_key': True, 'excel_column': 'service_requester_id'}, {'name': 'name', 'type': 'str', 'excel_column': 'name'}]}
2026-02-05 17:30:43.428 | DEBUG    | shared_modules.config:_parse_entities:118 - Parsiere Entity-Modell 'service_type': {'fields': [{'name': 'service_type_id', 'type': 'str', 'primary_key': True, 'excel_column': 'service_type_id'}, {'name': 'code', 'type': 'str', 'excel_column': 'code'}, {'name': 'description', 'type': 'str', 'excel_column': 'description', 'optional': True}, {'name': 'hourly_rate', 'type': 'float', 'excel_column': 'hourly_rate', 'format': '${numeric_format}'}, {'name': 'km_rate', 'type': 'float', 'excel_column': 'km_rate', 'format': '${numeric_format}'}, {'name': 'rundung', 'type': 'float', 'excel_column': 'rundung', 'format': '${numeric_format}'}, {'name': 'from_date', 'type': 'str', 'excel_column': 'from_date', 'format': '${date_format}', 'optional': True}, {'name': 'notes', 'type': 'str', 'excel_column': 'notes', 'optional': True}]}
2026-02-05 17:30:43.428 | DEBUG    | shared_modules.config:_parse_entities:118 - Parsiere Entity-Modell 'invoice_data': {'fields': [{'name': 'invoice_number', 'type': 'str', 'primary_key': True, 'excel_column': 'Rechnungs-Nr'}, {'name': 'client_id', 'type': 'str', 'excel_column': 'Klient-Nr.'}, {'name': 'service_time', 'type': 'str', 'excel_column': 'Uhrzeit', 'format': '${date_format} - ${date_format}'}, {'name': 'service_date', 'type': 'str', 'excel_column': 'Leistungsdatum', 'format': '${date_format}', 'is_position': True}, {'name': 'service_type', 'type': 'str', 'excel_column': 'Betreuungstyp'}, {'name': 'travel_time', 'type': 'float', 'excel_column': 'Fahrtzeit', 'format': '${numeric_format}', 'decimals': 2, 'is_position': True, 'sum': True}, {'name': 'direct_time', 'type': 'float', 'excel_column': 'Direkt', 'format': '${numeric_format}', 'decimals': 2, 'is_position': True, 'sum': True}, {'name': 'indirect_time', 'type': 'float', 'excel_column': 'Indirekt', 'format': '${numeric_format}', 'decimals': 2, 'is_position': True, 'sum': True}, {'name': 'service_requester_name', 'type': 'str', 'excel_column': 'Leistungsbesteller'}, {'name': 'payer_id', 'type': 'str', 'excel_column': 'ZDNR'}]}
2026-02-05 17:30:43.429 | DEBUG    | shared_modules.config:__init__:83 - Konfiguration erfolgreich geladen und validiert.
2026-02-05 17:30:44.039 | INFO     | data_imports.import_masterdata:run_import:232 - Importiere Stammdaten von data/wegpiraten_datenbank.xlsx nach /home/stephan/projects/wegpiraten/data/wegpiraten.sqlite3
2026-02-05 17:30:44.040 | DEBUG    | data_imports.import_masterdata:create_target_tables:127 - Erstelle Tabelle employees: CREATE TABLE IF NOT EXISTS employees (
    emp_id TEXT,
    first_name TEXT,
    last_name TEXT,
    fte REAL,
    notes TEXT,
    PRIMARY KEY (emp_id)
)
2026-02-05 17:30:44.048 | INFO     | data_imports.import_masterdata:import_entity_data:147 - Importiere Excel-Tabelle masterdata_employee → employees
2026-02-05 17:30:44.213 | SUCCESS  | data_imports.import_masterdata:import_entity_data:172 - 8 Datensätze in employees importiert.
2026-02-05 17:30:44.214 | DEBUG    | data_imports.import_masterdata:create_target_tables:127 - Erstelle Tabelle payer: CREATE TABLE IF NOT EXISTS payer (
    payer_id TEXT,
    name TEXT,
    name2 TEXT,
    street TEXT,
    zip_code TEXT,
    city TEXT,
    notes TEXT,
    PRIMARY KEY (payer_id)
)
2026-02-05 17:30:44.220 | INFO     | data_imports.import_masterdata:import_entity_data:147 - Importiere Excel-Tabelle masterdata_payer → payer
2026-02-05 17:30:44.348 | SUCCESS  | data_imports.import_masterdata:import_entity_data:172 - 6 Datensätze in payer importiert.
2026-02-05 17:30:44.349 | DEBUG    | data_imports.import_masterdata:create_target_tables:127 - Erstelle Tabelle service_requester: CREATE TABLE IF NOT EXISTS service_requester (
    service_requester_id TEXT,
    name TEXT,
    PRIMARY KEY (service_requester_id)
)
2026-02-05 17:30:44.354 | INFO     | data_imports.import_masterdata:import_entity_data:147 - Importiere Excel-Tabelle masterdata_service_requester → service_requester
2026-02-05 17:30:44.535 | SUCCESS  | data_imports.import_masterdata:import_entity_data:172 - 17 Datensätze in service_requester importiert.
2026-02-05 17:30:44.536 | DEBUG    | data_imports.import_masterdata:create_target_tables:127 - Erstelle Tabelle service_types: CREATE TABLE IF NOT EXISTS service_types (
    service_type_id TEXT,
    code TEXT,
    description TEXT,
    hourly_rate REAL,
    km_rate REAL,
    rundung REAL,
    from_date TEXT,
    notes TEXT,
    PRIMARY KEY (service_type_id)
)
2026-02-05 17:30:44.541 | INFO     | data_imports.import_masterdata:import_entity_data:147 - Importiere Excel-Tabelle service_types → service_types
2026-02-05 17:30:44.656 | SUCCESS  | data_imports.import_masterdata:import_entity_data:172 - 5 Datensätze in service_types importiert.
2026-02-05 17:30:44.657 | DEBUG    | data_imports.import_masterdata:create_target_tables:127 - Erstelle Tabelle clients: CREATE TABLE IF NOT EXISTS clients (
    client_id TEXT,
    social_security_number TEXT,
    first_name TEXT,
    last_name TEXT,
    short_code TEXT,
    payer_id TEXT,
    service_requester_id TEXT,
    start_date TEXT,
    end_date TEXT,
    employee_id TEXT,
    allowed_hours_per_month REAL,
    service_type TEXT,
    notes TEXT,
    PRIMARY KEY (client_id),
    FOREIGN KEY (employee_id) REFERENCES employees(emp_id),
    FOREIGN KEY (payer_id) REFERENCES payer(payer_id),
    FOREIGN KEY (service_requester_id) REFERENCES service_requester(service_requester_id),
    FOREIGN KEY (service_type) REFERENCES service_types(service_type_id)
)
2026-02-05 17:30:44.664 | INFO     | data_imports.import_masterdata:import_entity_data:147 - Importiere Excel-Tabelle masterdata_client → clients
2026-02-05 17:30:44.935 | ERROR    | data_imports.import_masterdata:import_entity_data:175 - Fehler beim Schreiben in clients: Execution failed
2026-02-05 17:30:44.935 | INFO     | data_imports.import_masterdata:run_import:271 - Stammdaten-Import abgeschlossen. 36 Datensätze importiert.
2026-02-05 17:35:05.248 | DEBUG    | shared_modules.config:__init__:69 - Lade Konfiguration von /home/stephan/projects/wegpiraten/.config/wegpiraten_config.yaml
2026-02-05 17:35:05.249 | DEBUG    | shared_modules.config:_parse_section:109 - Parsiere Abschnitt 'structure': {'prj_root': '/home/stephan/projects/wegpiraten', 'shared_data_path': 'data', 'output_path': 'output', 'template_path': 'templates', 'tmp_path': '.tmp', 'log_path': '.logs', 'local_data_path': 'data', 'graphics': 'graphics'}
2026-02-05 17:35:05.249 | DEBUG    | shared_modules.config:_parse_section:109 - Parsiere Abschnitt 'database': {'sqlite_db_name': 'wegpiraten.sqlite3', 'db_name': 'wegpiraten_datenbank.xlsx', 'db_encrypted': True}
2026-02-05 17:35:05.250 | DEBUG    | shared_modules.config:_parse_section:109 - Parsiere Abschnitt 'formatting': {'locale': 'de_CH', 'currency': 'CHF', 'currency_format': '#,##0.00 ¤', 'date_format': 'dd.MM.yyyy', 'numeric_format': '#,##0.00'}
2026-02-05 17:35:05.250 | DEBUG    | shared_modules.config:_parse_section:109 - Parsiere Abschnitt 'service_provider': {'name': 'Wegpiraten GmbH', 'street': 'Alpenstrasse 2', 'zip_code': '3800', 'city': 'Interlaken', 'phone': '+41 (0)76 790 67 56', 'email': 'info@wegpiraten.ch', 'website': 'www.wegpiraten.ch', 'uid': 'CHE-123.456.789 MWST', 'bank': 'Bank EKI Genossenschaft', 'iban': 'CH07 0839 3053 8385 3915 1'}
2026-02-05 17:35:05.250 | DEBUG    | shared_modules.config:_parse_section:109 - Parsiere Abschnitt 'templates': {'invoice_template_name': 'rechnungsvorlage.docx', 'sheet_name': 'Pivot Rechnungsdaten', 'time_sheet_header_cells': {'employee_name': 'C5', 'emp_id': 'G5', 'reporting_month': 'C6', 'allowed_hours_per_month': 'C7', 'service_type': 'G7', 'short_code': 'C8', 'client_id': 'G8'}, 'time_sheet_data_start_cell': 'A10', 'time_sheet_data_end_cell': 'H28', 'time_sheet_row_mapping': {'service_time': 'A', 'service_date': 'B', 'travel_time': 'C', 'travel_distance': 'D', 'direct_time': 'E', 'indirect_time': 'F', 'billable_hours': 'G', 'notes': 'H'}, 'time_sheet_template': 'time_sheet_template.xlsx', 'client_sheet_name': 'MD_Klienten'}
2026-02-05 17:35:05.250 | DEBUG    | shared_modules.config:_parse_entities:118 - Parsiere Entity-Modell 'employee': {'fields': [{'name': 'emp_id', 'type': 'str', 'primary_key': True, 'excel_column': 'employee_id'}, {'name': 'first_name', 'type': 'str', 'excel_column': 'first_name'}, {'name': 'last_name', 'type': 'str', 'excel_column': 'last_name'}, {'name': 'fte', 'type': 'float', 'excel_column': 'fte', 'format': '${numeric_format}'}, {'name': 'notes', 'type': 'str', 'excel_column': 'notes', 'optional': True}]}
2026-02-05 17:35:05.250 | DEBUG    | shared_modules.config:_parse_entities:118 - Parsiere Entity-Modell 'client': {'fields': [{'name': 'client_id', 'type': 'str', 'primary_key': True, 'excel_column': 'client_id'}, {'name': 'social_security_number', 'type': 'str', 'excel_column': 'social_security_number'}, {'name': 'first_name', 'type': 'str', 'excel_column': 'first_name'}, {'name': 'last_name', 'type': 'str', 'excel_column': 'last_name'}, {'name': 'short_code', 'type': 'str', 'excel_column': 'short_code'}, {'name': 'payer_id', 'type': 'str', 'excel_column': 'payer_id'}, {'name': 'service_requester_id', 'type': 'str', 'excel_column': 'service_requester_id'}, {'name': 'start_date', 'type': 'str', 'excel_column': 'start_date', 'format': '${date_format}'}, {'name': 'end_date', 'type': 'str', 'excel_column': 'end_date', 'format': '${date_format}', 'optional': True}, {'name': 'employee_id', 'type': 'str', 'excel_column': 'employee_id'}, {'name': 'allowed_hours_per_month', 'type': 'float', 'optional': True, 'excel_column': 'allowed_hours_per_month', 'format': '${numeric_format}', 'sum': True}, {'name': 'service_type', 'type': 'str', 'excel_column': 'service_type_id'}, {'name': 'notes', 'type': 'str', 'excel_column': 'notes', 'optional': True}]}
2026-02-05 17:35:05.250 | DEBUG    | shared_modules.config:_parse_entities:118 - Parsiere Entity-Modell 'payer': {'fields': [{'name': 'payer_id', 'type': 'str', 'primary_key': True, 'excel_column': 'payer_id'}, {'name': 'name', 'type': 'str', 'excel_column': 'name'}, {'name': 'name2', 'type': 'str', 'optional': True, 'excel_column': 'name2'}, {'name': 'street', 'type': 'str', 'excel_column': 'street'}, {'name': 'zip_code', 'type': 'str', 'excel_column': 'zip_code'}, {'name': 'city', 'type': 'str', 'excel_column': 'city'}, {'name': 'notes', 'type': 'str', 'excel_column': 'notes', 'optional': True}]}
2026-02-05 17:35:05.250 | DEBUG    | shared_modules.config:_parse_entities:118 - Parsiere Entity-Modell 'service_requester': {'fields': [{'name': 'service_requester_id', 'type': 'str', 'primary_key': True, 'excel_column': 'service_requester_id'}, {'name': 'name', 'type': 'str', 'excel_column': 'name'}]}
2026-02-05 17:35:05.250 | DEBUG    | shared_modules.config:_parse_entities:118 - Parsiere Entity-Modell 'service_type': {'fields': [{'name': 'service_type_id', 'type': 'str', 'primary_key': True, 'excel_column': 'service_type_id'}, {'name': 'code', 'type': 'str', 'excel_column': 'code'}, {'name': 'description', 'type': 'str', 'excel_column': 'description', 'optional': True}, {'name': 'hourly_rate', 'type': 'float', 'excel_column': 'hourly_rate', 'format': '${numeric_format}'}, {'name': 'km_rate', 'type': 'float', 'excel_column': 'km_rate', 'format': '${numeric_format}'}, {'name': 'rundung', 'type': 'float', 'excel_column': 'rundung', 'format': '${numeric_format}'}, {'name': 'from_date', 'type': 'str', 'excel_column': 'from_date', 'format': '${date_format}', 'optional': True}, {'name': 'notes', 'type': 'str', 'excel_column': 'notes', 'optional': True}]}
2026-02-05 17:35:05.251 | DEBUG    | shared_modules.config:_parse_entities:118 - Parsiere Entity-Modell 'invoice_data': {'fields': [{'name': 'invoice_number', 'type': 'str', 'primary_key': True, 'excel_column': 'Rechnungs-Nr'}, {'name': 'client_id', 'type': 'str', 'excel_column': 'Klient-Nr.'}, {'name': 'service_time', 'type': 'str', 'excel_column': 'Uhrzeit', 'format': '${date_format} - ${date_format}'}, {'name': 'service_date', 'type': 'str', 'excel_column': 'Leistungsdatum', 'format': '${date_format}', 'is_position': True}, {'name': 'service_type', 'type': 'str', 'excel_column': 'Betreuungstyp'}, {'name': 'travel_time', 'type': 'float', 'excel_column': 'Fahrtzeit', 'format': '${numeric_format}', 'decimals': 2, 'is_position': True, 'sum': True}, {'name': 'direct_time', 'type': 'float', 'excel_column': 'Direkt', 'format': '${numeric_format}', 'decimals': 2, 'is_position': True, 'sum': True}, {'name': 'indirect_time', 'type': 'float', 'excel_column': 'Indirekt', 'format': '${numeric_format}', 'decimals': 2, 'is_position': True, 'sum': True}, {'name': 'service_requester_name', 'type': 'str', 'excel_column': 'Leistungsbesteller'}, {'name': 'payer_id', 'type': 'str', 'excel_column': 'ZDNR'}]}
2026-02-05 17:35:05.251 | DEBUG    | shared_modules.config:__init__:83 - Konfiguration erfolgreich geladen und validiert.
2026-02-05 17:35:05.800 | INFO     | data_imports.import_masterdata:run_import:301 - Importiere Stammdaten von data/wegpiraten_datenbank.xlsx nach /home/stephan/projects/wegpiraten/data/wegpiraten.sqlite3
2026-02-05 17:35:05.801 | DEBUG    | data_imports.import_masterdata:create_target_tables:127 - Erstelle Tabelle employees: CREATE TABLE IF NOT EXISTS employees (
    emp_id TEXT,
    first_name TEXT,
    last_name TEXT,
    fte REAL,
    notes TEXT,
    PRIMARY KEY (emp_id)
)
2026-02-05 17:35:05.806 | INFO     | data_imports.import_masterdata:import_entity_data:147 - Importiere Excel-Tabelle masterdata_employee → employees
2026-02-05 17:35:05.938 | SUCCESS  | data_imports.import_masterdata:import_entity_data:172 - 8 Datensätze in employees importiert.
2026-02-05 17:35:05.938 | DEBUG    | data_imports.import_masterdata:create_target_tables:127 - Erstelle Tabelle payer: CREATE TABLE IF NOT EXISTS payer (
    payer_id TEXT,
    name TEXT,
    name2 TEXT,
    street TEXT,
    zip_code TEXT,
    city TEXT,
    notes TEXT,
    PRIMARY KEY (payer_id)
)
2026-02-05 17:35:05.942 | INFO     | data_imports.import_masterdata:import_entity_data:147 - Importiere Excel-Tabelle masterdata_payer → payer
2026-02-05 17:35:06.056 | SUCCESS  | data_imports.import_masterdata:import_entity_data:172 - 6 Datensätze in payer importiert.
2026-02-05 17:35:06.056 | DEBUG    | data_imports.import_masterdata:create_target_tables:127 - Erstelle Tabelle service_requester: CREATE TABLE IF NOT EXISTS service_requester (
    service_requester_id TEXT,
    name TEXT,
    PRIMARY KEY (service_requester_id)
)
2026-02-05 17:35:06.062 | INFO     | data_imports.import_masterdata:import_entity_data:147 - Importiere Excel-Tabelle masterdata_service_requester → service_requester
2026-02-05 17:35:06.236 | SUCCESS  | data_imports.import_masterdata:import_entity_data:172 - 17 Datensätze in service_requester importiert.
2026-02-05 17:35:06.237 | DEBUG    | data_imports.import_masterdata:create_target_tables:127 - Erstelle Tabelle service_types: CREATE TABLE IF NOT EXISTS service_types (
    service_type_id TEXT,
    code TEXT,
    description TEXT,
    hourly_rate REAL,
    km_rate REAL,
    rundung REAL,
    from_date TEXT,
    notes TEXT,
    PRIMARY KEY (service_type_id)
)
2026-02-05 17:35:06.245 | INFO     | data_imports.import_masterdata:import_entity_data:147 - Importiere Excel-Tabelle service_types → service_types
2026-02-05 17:35:06.400 | SUCCESS  | data_imports.import_masterdata:import_entity_data:172 - 5 Datensätze in service_types importiert.
2026-02-05 17:35:06.401 | DEBUG    | data_imports.import_masterdata:create_target_tables:127 - Erstelle Tabelle clients: CREATE TABLE IF NOT EXISTS clients (
    client_id TEXT,
    social_security_number TEXT,
    first_name TEXT,
    last_name TEXT,
    short_code TEXT,
    payer_id TEXT,
    service_requester_id TEXT,
    start_date TEXT,
    end_date TEXT,
    employee_id TEXT,
    allowed_hours_per_month REAL,
    service_type TEXT,
    notes TEXT,
    PRIMARY KEY (client_id),
    FOREIGN KEY (employee_id) REFERENCES employees(emp_id),
    FOREIGN KEY (payer_id) REFERENCES payer(payer_id),
    FOREIGN KEY (service_requester_id) REFERENCES service_requester(service_requester_id),
    FOREIGN KEY (service_type) REFERENCES service_types(service_type_id)
)
2026-02-05 17:35:06.417 | INFO     | data_imports.import_masterdata:import_entity_data:147 - Importiere Excel-Tabelle masterdata_client → clients
2026-02-05 17:35:06.606 | ERROR    | data_imports.import_masterdata:import_entity_data:175 - Fehler beim Schreiben in clients: Execution failed
Traceback (most recent call last):

  File "/home/stephan/projects/wegpiraten/.venv/lib/python3.13/site-packages/pandas/io/sql.py", line 2571, in _execute_insert
    conn.executemany(self.insert_statement(num_rows=1), data_list)
    │    │           │    │                             └ [('C1003', '756.4662.4300.78', 'Aadvik', 'Sinnathamby', 'AaSi', 'P1000', 'SR011', '2023-12-18 00:00:00', '2026-12-31 00:00:00...
    │    │           │    └ <function SQLiteTable.insert_statement at 0x798ca3957e20>
    │    │           └ <pandas.io.sql.SQLiteTable object at 0x798ca31842b0>
    │    └ <method 'executemany' of 'sqlite3.Cursor' objects>
    └ <sqlite3.Cursor object at 0x798ca38c0a40>

sqlite3.IntegrityError: FOREIGN KEY constraint failed


The above exception was the direct cause of the following exception:


Traceback (most recent call last):

  File "/home/stephan/projects/wegpiraten/.venv/bin/wegpiraten", line 10, in <module>
    sys.exit(main())
    │   │    └ <function main at 0x798cde4dce00>
    │   └ <built-in function exit>
    └ <module 'sys' (built-in)>

  File "/home/stephan/projects/wegpiraten/src/cli.py", line 270, in main
    app()
    └ <typer.main.Typer object at 0x798cdd244ad0>

  File "/home/stephan/projects/wegpiraten/.venv/lib/python3.13/site-packages/typer/main.py", line 319, in __call__
    return get_command(self)(*args, **kwargs)
           │           │      │       └ {}
           │           │      └ ()
           │           └ <typer.main.Typer object at 0x798cdd244ad0>
           └ <function get_command at 0x798cdedd2ac0>
  File "/home/stephan/projects/wegpiraten/.venv/lib/python3.13/site-packages/click/core.py", line 1485, in __call__
    return self.main(*args, **kwargs)
           │    │     │       └ {}
           │    │     └ ()
           │    └ <function TyperGroup.main at 0x798cdedc6ac0>
           └ <TyperGroup wegpiraten>
  File "/home/stephan/projects/wegpiraten/.venv/lib/python3.13/site-packages/typer/core.py", line 814, in main
    return _main(
           └ <function _main at 0x798cdedc5620>
  File "/home/stephan/projects/wegpiraten/.venv/lib/python3.13/site-packages/typer/core.py", line 190, in _main
    rv = self.invoke(ctx)
         │    │      └ <click.core.Context object at 0x798cdd2e5940>
         │    └ <function Group.invoke at 0x798cdeed4400>
         └ <TyperGroup wegpiraten>
  File "/home/stephan/projects/wegpiraten/.venv/lib/python3.13/site-packages/click/core.py", line 1873, in invoke
    return _process_result(sub_ctx.command.invoke(sub_ctx))
           │               │       │       │      └ <click.core.Context object at 0x798cdd13ccd0>
           │               │       │       └ <function Command.invoke at 0x798cdeecf1a0>
           │               │       └ <TyperCommand import-master>
           │               └ <click.core.Context object at 0x798cdd13ccd0>
           └ <function Group.invoke.<locals>._process_result at 0x798cdd12a700>
  File "/home/stephan/projects/wegpiraten/.venv/lib/python3.13/site-packages/click/core.py", line 1269, in invoke
    return ctx.invoke(self.callback, **ctx.params)
           │   │      │    │           │   └ {'config_path': None, 'source': None}
           │   │      │    │           └ <click.core.Context object at 0x798cdd13ccd0>
           │   │      │    └ <function import_masterdata at 0x798cdd12a480>
           │   │      └ <TyperCommand import-master>
           │   └ <function Context.invoke at 0x798cdeece3e0>
           └ <click.core.Context object at 0x798cdd13ccd0>
  File "/home/stephan/projects/wegpiraten/.venv/lib/python3.13/site-packages/click/core.py", line 824, in invoke
    return callback(*args, **kwargs)
           │         │       └ {'config_path': None, 'source': None}
           │         └ ()
           └ <function import_masterdata at 0x798cdd12a480>
  File "/home/stephan/projects/wegpiraten/.venv/lib/python3.13/site-packages/typer/main.py", line 706, in wrapper
    return callback(**use_params)
           │          └ {'config_path': None, 'source': None}
           └ <function import_masterdata at 0x798cdd12a2a0>

  File "/home/stephan/projects/wegpiraten/src/cli.py", line 189, in import_masterdata
    count = run_import(config, source_override=source)
            │          │                       └ None
            │          └ <shared_modules.config.Config object at 0x798cdd2e5be0>
            └ <function run_import at 0x798ca3972520>

  File "/home/stephan/projects/wegpiraten/src/data_imports/import_masterdata.py", line 329, in run_import
    count = import_entity_data(
            └ <function import_entity_data at 0x798ca39723e0>

> File "/home/stephan/projects/wegpiraten/src/data_imports/import_masterdata.py", line 171, in import_entity_data
    df_target.to_sql(target_table, target_conn, if_exists="append", index=False)
    │         │      │             └ <sqlite3.Connection object at 0x798ca5cfd4e0>
    │         │      └ 'clients'
    │         └ <function NDFrame.to_sql at 0x798ca416b380>
    └    client_id social_security_number            first_name        last_name short_code  ...             end_date employee_id a...

  File "/home/stephan/projects/wegpiraten/.venv/lib/python3.13/site-packages/pandas/core/generic.py", line 3052, in to_sql
    return sql.to_sql(
           │   └ <function to_sql at 0x798ca3955300>
           └ <module 'pandas.io.sql' from '/home/stephan/projects/wegpiraten/.venv/lib/python3.13/site-packages/pandas/io/sql.py'>
  File "/home/stephan/projects/wegpiraten/.venv/lib/python3.13/site-packages/pandas/io/sql.py", line 841, in to_sql
    return pandas_sql.to_sql(
           │          └ <function SQLiteDatabase.to_sql at 0x798ca3970680>
           └ <pandas.io.sql.SQLiteDatabase object at 0x798ca38556e0>
  File "/home/stephan/projects/wegpiraten/.venv/lib/python3.13/site-packages/pandas/io/sql.py", line 2880, in to_sql
    return table.insert(chunksize, method)
           │     │      │          └ None
           │     │      └ None
           │     └ <function SQLTable.insert at 0x798ca3955b20>
           └ <pandas.io.sql.SQLiteTable object at 0x798ca31842b0>
  File "/home/stephan/projects/wegpiraten/.venv/lib/python3.13/site-packages/pandas/io/sql.py", line 1122, in insert
    num_inserted = exec_insert(conn, keys, chunk_iter)
                   │           │     │     └ <zip object at 0x798ca3573f80>
                   │           │     └ ['client_id', 'social_security_number', 'first_name', 'last_name', 'short_code', 'payer_id', 'service_requester_id', 'start_d...
                   │           └ <sqlite3.Cursor object at 0x798ca38c0a40>
                   └ <bound method SQLiteTable._execute_insert of <pandas.io.sql.SQLiteTable object at 0x798ca31842b0>>
  File "/home/stephan/projects/wegpiraten/.venv/lib/python3.13/site-packages/pandas/io/sql.py", line 2573, in _execute_insert
    raise DatabaseError("Execution failed") from exc
          └ <class 'pandas.errors.DatabaseError'>

pandas.errors.DatabaseError: Execution failed
2026-02-05 17:35:06.670 | ERROR    | data_imports.import_masterdata:_log_import_diagnostics:232 - FK-Spalte %s enthält %s leere Werte (NULL/leer).
2026-02-05 17:35:06.673 | ERROR    | data_imports.import_masterdata:_log_import_diagnostics:232 - FK-Spalte %s enthält %s leere Werte (NULL/leer).
2026-02-05 17:35:06.675 | ERROR    | data_imports.import_masterdata:_log_import_diagnostics:232 - FK-Spalte %s enthält %s leere Werte (NULL/leer).
2026-02-05 17:35:06.678 | ERROR    | data_imports.import_masterdata:_log_import_diagnostics:232 - FK-Spalte %s enthält %s leere Werte (NULL/leer).
2026-02-05 17:35:06.679 | INFO     | data_imports.import_masterdata:run_import:340 - Stammdaten-Import abgeschlossen. 36 Datensätze importiert.
2026-02-05 17:42:58.806 | DEBUG    | shared_modules.config:__init__:69 - Lade Konfiguration von /home/stephan/projects/wegpiraten/.config/wegpiraten_config.yaml
2026-02-05 17:42:58.807 | DEBUG    | shared_modules.config:_parse_section:109 - Parsiere Abschnitt 'structure': {'prj_root': '/home/stephan/projects/wegpiraten', 'shared_data_path': 'data', 'output_path': 'output', 'template_path': 'templates', 'tmp_path': '.tmp', 'log_path': '.logs', 'local_data_path': 'data', 'graphics': 'graphics'}
2026-02-05 17:42:58.807 | DEBUG    | shared_modules.config:_parse_section:109 - Parsiere Abschnitt 'database': {'sqlite_db_name': 'wegpiraten.sqlite3', 'db_name': 'wegpiraten_datenbank.xlsx', 'db_encrypted': True}
2026-02-05 17:42:58.807 | DEBUG    | shared_modules.config:_parse_section:109 - Parsiere Abschnitt 'formatting': {'locale': 'de_CH', 'currency': 'CHF', 'currency_format': '#,##0.00 ¤', 'date_format': 'dd.MM.yyyy', 'numeric_format': '#,##0.00'}
2026-02-05 17:42:58.807 | DEBUG    | shared_modules.config:_parse_section:109 - Parsiere Abschnitt 'service_provider': {'name': 'Wegpiraten GmbH', 'street': 'Alpenstrasse 2', 'zip_code': '3800', 'city': 'Interlaken', 'phone': '+41 (0)76 790 67 56', 'email': 'info@wegpiraten.ch', 'website': 'www.wegpiraten.ch', 'uid': 'CHE-123.456.789 MWST', 'bank': 'Bank EKI Genossenschaft', 'iban': 'CH07 0839 3053 8385 3915 1'}
2026-02-05 17:42:58.807 | DEBUG    | shared_modules.config:_parse_section:109 - Parsiere Abschnitt 'templates': {'invoice_template_name': 'rechnungsvorlage.docx', 'sheet_name': 'Pivot Rechnungsdaten', 'time_sheet_header_cells': {'employee_name': 'C5', 'emp_id': 'G5', 'reporting_month': 'C6', 'allowed_hours_per_month': 'C7', 'service_type': 'G7', 'short_code': 'C8', 'client_id': 'G8'}, 'time_sheet_data_start_cell': 'A10', 'time_sheet_data_end_cell': 'H28', 'time_sheet_row_mapping': {'service_time': 'A', 'service_date': 'B', 'travel_time': 'C', 'travel_distance': 'D', 'direct_time': 'E', 'indirect_time': 'F', 'billable_hours': 'G', 'notes': 'H'}, 'time_sheet_template': 'time_sheet_template.xlsx', 'client_sheet_name': 'MD_Klienten'}
2026-02-05 17:42:58.807 | DEBUG    | shared_modules.config:_parse_entities:118 - Parsiere Entity-Modell 'employee': {'fields': [{'name': 'emp_id', 'type': 'str', 'primary_key': True, 'excel_column': 'employee_id'}, {'name': 'first_name', 'type': 'str', 'excel_column': 'first_name'}, {'name': 'last_name', 'type': 'str', 'excel_column': 'last_name'}, {'name': 'fte', 'type': 'float', 'excel_column': 'fte', 'format': '${numeric_format}'}, {'name': 'notes', 'type': 'str', 'excel_column': 'notes', 'optional': True}]}
2026-02-05 17:42:58.807 | DEBUG    | shared_modules.config:_parse_entities:118 - Parsiere Entity-Modell 'client': {'fields': [{'name': 'client_id', 'type': 'str', 'primary_key': True, 'excel_column': 'client_id'}, {'name': 'social_security_number', 'type': 'str', 'excel_column': 'social_security_number'}, {'name': 'first_name', 'type': 'str', 'excel_column': 'first_name'}, {'name': 'last_name', 'type': 'str', 'excel_column': 'last_name'}, {'name': 'short_code', 'type': 'str', 'excel_column': 'short_code'}, {'name': 'payer_id', 'type': 'str', 'excel_column': 'payer_id'}, {'name': 'service_requester_id', 'type': 'str', 'excel_column': 'service_requester_id'}, {'name': 'start_date', 'type': 'str', 'excel_column': 'start_date', 'format': '${date_format}'}, {'name': 'end_date', 'type': 'str', 'excel_column': 'end_date', 'format': '${date_format}', 'optional': True}, {'name': 'employee_id', 'type': 'str', 'excel_column': 'employee_id'}, {'name': 'allowed_hours_per_month', 'type': 'float', 'optional': True, 'excel_column': 'allowed_hours_per_month', 'format': '${numeric_format}', 'sum': True}, {'name': 'service_type', 'type': 'str', 'excel_column': 'service_type_id'}, {'name': 'notes', 'type': 'str', 'excel_column': 'notes', 'optional': True}]}
2026-02-05 17:42:58.807 | DEBUG    | shared_modules.config:_parse_entities:118 - Parsiere Entity-Modell 'payer': {'fields': [{'name': 'payer_id', 'type': 'str', 'primary_key': True, 'excel_column': 'payer_id'}, {'name': 'name', 'type': 'str', 'excel_column': 'name'}, {'name': 'name2', 'type': 'str', 'optional': True, 'excel_column': 'name2'}, {'name': 'street', 'type': 'str', 'excel_column': 'street'}, {'name': 'zip_code', 'type': 'str', 'excel_column': 'zip_code'}, {'name': 'city', 'type': 'str', 'excel_column': 'city'}, {'name': 'notes', 'type': 'str', 'excel_column': 'notes', 'optional': True}]}
2026-02-05 17:42:58.807 | DEBUG    | shared_modules.config:_parse_entities:118 - Parsiere Entity-Modell 'service_requester': {'fields': [{'name': 'service_requester_id', 'type': 'str', 'primary_key': True, 'excel_column': 'service_requester_id'}, {'name': 'name', 'type': 'str', 'excel_column': 'name'}]}
2026-02-05 17:42:58.808 | DEBUG    | shared_modules.config:_parse_entities:118 - Parsiere Entity-Modell 'service_type': {'fields': [{'name': 'service_type_id', 'type': 'str', 'primary_key': True, 'excel_column': 'service_type_id'}, {'name': 'code', 'type': 'str', 'excel_column': 'code'}, {'name': 'description', 'type': 'str', 'excel_column': 'description', 'optional': True}, {'name': 'hourly_rate', 'type': 'float', 'excel_column': 'hourly_rate', 'format': '${numeric_format}'}, {'name': 'km_rate', 'type': 'float', 'excel_column': 'km_rate', 'format': '${numeric_format}'}, {'name': 'rundung', 'type': 'float', 'excel_column': 'rundung', 'format': '${numeric_format}'}, {'name': 'from_date', 'type': 'str', 'excel_column': 'from_date', 'format': '${date_format}', 'optional': True}, {'name': 'notes', 'type': 'str', 'excel_column': 'notes', 'optional': True}]}
2026-02-05 17:42:58.808 | DEBUG    | shared_modules.config:_parse_entities:118 - Parsiere Entity-Modell 'invoice_data': {'fields': [{'name': 'invoice_number', 'type': 'str', 'primary_key': True, 'excel_column': 'Rechnungs-Nr'}, {'name': 'client_id', 'type': 'str', 'excel_column': 'Klient-Nr.'}, {'name': 'service_time', 'type': 'str', 'excel_column': 'Uhrzeit', 'format': '${date_format} - ${date_format}'}, {'name': 'service_date', 'type': 'str', 'excel_column': 'Leistungsdatum', 'format': '${date_format}', 'is_position': True}, {'name': 'service_type', 'type': 'str', 'excel_column': 'Betreuungstyp'}, {'name': 'travel_time', 'type': 'float', 'excel_column': 'Fahrtzeit', 'format': '${numeric_format}', 'decimals': 2, 'is_position': True, 'sum': True}, {'name': 'direct_time', 'type': 'float', 'excel_column': 'Direkt', 'format': '${numeric_format}', 'decimals': 2, 'is_position': True, 'sum': True}, {'name': 'indirect_time', 'type': 'float', 'excel_column': 'Indirekt', 'format': '${numeric_format}', 'decimals': 2, 'is_position': True, 'sum': True}, {'name': 'service_requester_name', 'type': 'str', 'excel_column': 'Leistungsbesteller'}, {'name': 'payer_id', 'type': 'str', 'excel_column': 'ZDNR'}]}
2026-02-05 17:42:58.808 | DEBUG    | shared_modules.config:__init__:83 - Konfiguration erfolgreich geladen und validiert.
2026-02-05 17:42:59.035 | INFO     | data_imports.import_masterdata:run_import:318 - Importiere Stammdaten von data/wegpiraten_datenbank.xlsx nach /home/stephan/projects/wegpiraten/data/wegpiraten.sqlite3
2026-02-05 17:42:59.035 | DEBUG    | data_imports.import_masterdata:create_target_tables:127 - Erstelle Tabelle employees: CREATE TABLE IF NOT EXISTS employees (
    emp_id TEXT,
    first_name TEXT,
    last_name TEXT,
    fte REAL,
    notes TEXT,
    PRIMARY KEY (emp_id)
)
2026-02-05 17:42:59.061 | INFO     | data_imports.import_masterdata:import_entity_data:148 - Importiere Excel-Tabelle masterdata_employee → employees
2026-02-05 17:42:59.202 | SUCCESS  | data_imports.import_masterdata:import_entity_data:189 - 8 Datensätze in employees importiert.
2026-02-05 17:42:59.203 | DEBUG    | data_imports.import_masterdata:create_target_tables:127 - Erstelle Tabelle payer: CREATE TABLE IF NOT EXISTS payer (
    payer_id TEXT,
    name TEXT,
    name2 TEXT,
    street TEXT,
    zip_code TEXT,
    city TEXT,
    notes TEXT,
    PRIMARY KEY (payer_id)
)
2026-02-05 17:42:59.207 | INFO     | data_imports.import_masterdata:import_entity_data:148 - Importiere Excel-Tabelle masterdata_payer → payer
2026-02-05 17:42:59.344 | SUCCESS  | data_imports.import_masterdata:import_entity_data:189 - 6 Datensätze in payer importiert.
2026-02-05 17:42:59.344 | DEBUG    | data_imports.import_masterdata:create_target_tables:127 - Erstelle Tabelle service_requester: CREATE TABLE IF NOT EXISTS service_requester (
    service_requester_id TEXT,
    name TEXT,
    PRIMARY KEY (service_requester_id)
)
2026-02-05 17:42:59.350 | INFO     | data_imports.import_masterdata:import_entity_data:148 - Importiere Excel-Tabelle masterdata_service_requester → service_requester
2026-02-05 17:42:59.504 | SUCCESS  | data_imports.import_masterdata:import_entity_data:189 - 17 Datensätze in service_requester importiert.
2026-02-05 17:42:59.504 | DEBUG    | data_imports.import_masterdata:create_target_tables:127 - Erstelle Tabelle service_types: CREATE TABLE IF NOT EXISTS service_types (
    service_type_id TEXT,
    code TEXT,
    description TEXT,
    hourly_rate REAL,
    km_rate REAL,
    rundung REAL,
    from_date TEXT,
    notes TEXT,
    PRIMARY KEY (service_type_id)
)
2026-02-05 17:42:59.525 | INFO     | data_imports.import_masterdata:import_entity_data:148 - Importiere Excel-Tabelle service_types → service_types
2026-02-05 17:42:59.640 | SUCCESS  | data_imports.import_masterdata:import_entity_data:189 - 5 Datensätze in service_types importiert.
2026-02-05 17:42:59.640 | DEBUG    | data_imports.import_masterdata:create_target_tables:127 - Erstelle Tabelle clients: CREATE TABLE IF NOT EXISTS clients (
    client_id TEXT,
    social_security_number TEXT,
    first_name TEXT,
    last_name TEXT,
    short_code TEXT,
    payer_id TEXT,
    service_requester_id TEXT,
    start_date TEXT,
    end_date TEXT,
    employee_id TEXT,
    allowed_hours_per_month REAL,
    service_type TEXT,
    notes TEXT,
    PRIMARY KEY (client_id),
    FOREIGN KEY (employee_id) REFERENCES employees(emp_id),
    FOREIGN KEY (payer_id) REFERENCES payer(payer_id),
    FOREIGN KEY (service_requester_id) REFERENCES service_requester(service_requester_id),
    FOREIGN KEY (service_type) REFERENCES service_types(service_type_id)
)
2026-02-05 17:42:59.646 | INFO     | data_imports.import_masterdata:import_entity_data:148 - Importiere Excel-Tabelle masterdata_client → clients
2026-02-05 17:42:59.763 | ERROR    | data_imports.import_masterdata:import_entity_data:174 - Datensatz übersprungen (clients): fehlende FK-Felder employee_id, payer_id, service_requester_id, service_type. PK={'client_id': 'C1052'}
2026-02-05 17:42:59.791 | SUCCESS  | data_imports.import_masterdata:import_entity_data:189 - 51 Datensätze in clients importiert.
2026-02-05 17:42:59.792 | INFO     | data_imports.import_masterdata:run_import:358 - Stammdaten-Import abgeschlossen. 87 Datensätze importiert.
